-- Current CPU archtecture: aarch64
-- Found ament_cmake: 2.5.4 (/opt/ros/jazzy/share/ament_cmake/cmake)
-- Found nav_msgs: 5.3.6 (/opt/ros/jazzy/share/nav_msgs/cmake)
-- Found rosidl_generator_c: 4.6.5 (/opt/ros/jazzy/share/rosidl_generator_c/cmake)
-- Found rosidl_generator_cpp: 4.6.5 (/opt/ros/jazzy/share/rosidl_generator_cpp/cmake)
-- Using all available rosidl_typesupport_c: rosidl_typesupport_fastrtps_c;rosidl_typesupport_introspection_c
-- Using all available rosidl_typesupport_cpp: rosidl_typesupport_fastrtps_cpp;rosidl_typesupport_introspection_cpp
-- Found rclcpp: 28.1.9 (/opt/ros/jazzy/share/rclcpp/cmake)
-- Found rmw_implementation_cmake: 7.3.2 (/opt/ros/jazzy/share/rmw_implementation_cmake/cmake)
-- Found rmw_fastrtps_cpp: 8.4.2 (/opt/ros/jazzy/share/rmw_fastrtps_cpp/cmake)
-- Using RMW implementation 'rmw_fastrtps_cpp' as default
-- Found rclcpp_components: 28.1.9 (/opt/ros/jazzy/share/rclcpp_components/cmake)
-- Found sensor_msgs: 5.3.6 (/opt/ros/jazzy/share/sensor_msgs/cmake)
-- Found visualization_msgs: 5.3.6 (/opt/ros/jazzy/share/visualization_msgs/cmake)
-- Found pcl_conversions: 2.6.2 (/opt/ros/jazzy/share/pcl_conversions/cmake)
[33mCMake Warning (dev) at /usr/lib/aarch64-linux-gnu/cmake/pcl/Modules/FindFLANN.cmake:45 (find_package):
  Policy CMP0144 is not set: find_package uses upper-case <PACKAGENAME>_ROOT
  variables.  Run "cmake --help-policy CMP0144" for policy details.  Use the
  cmake_policy command to set the policy and suppress this warning.

  CMake variable FLANN_ROOT is set to:

    /usr

  For compatibility, find_package is ignoring the variable, but code in a
  .cmake module might still use it.
Call Stack (most recent call first):
  /usr/lib/aarch64-linux-gnu/cmake/pcl/PCLConfig.cmake:261 (find_package)
  /usr/lib/aarch64-linux-gnu/cmake/pcl/PCLConfig.cmake:306 (find_flann)
  /usr/lib/aarch64-linux-gnu/cmake/pcl/PCLConfig.cmake:570 (find_external_library)
  /opt/ros/jazzy/share/pcl_conversions/cmake/ament_cmake_export_dependencies-extras.cmake:21 (find_package)
  /opt/ros/jazzy/share/pcl_conversions/cmake/pcl_conversionsConfig.cmake:41 (include)
  CMakeLists.txt:49 (find_package)
This warning is for project developers.  Use -Wno-dev to suppress it.
[0m
-- Found flann version 1.9.2
-- OpenNI found (version: 1.5.4.0, include: /usr/include/ni, lib: /usr/lib/libOpenNI.so;libusb::libusb)
-- OpenNI2 found (version: 2.2.0.33, include: /usr/include/openni2, lib: /usr/lib/aarch64-linux-gnu/libOpenNI2.so;libusb::libusb)
-- Could NOT find Pcap (missing: PCAP_LIBRARIES PCAP_INCLUDE_DIRS) 
-- OpenNI found (version: 1.5.4.0, include: /usr/include/ni, lib: /usr/lib/libOpenNI.so;libusb::libusb)
-- OpenNI2 found (version: 2.2.0.33, include: /usr/include/openni2, lib: /usr/lib/aarch64-linux-gnu/libOpenNI2.so;libusb::libusb)
-- Found Qhull version 8.0.2
-- OpenNI found (version: 1.5.4.0, include: /usr/include/ni, lib: /usr/lib/libOpenNI.so;libusb::libusb)
-- Found tf2_ros: 0.36.11 (/opt/ros/jazzy/share/tf2_ros/cmake)
-- Found tf2_eigen: 0.36.11 (/opt/ros/jazzy/share/tf2_eigen/cmake)
-- Found tf2_geometry_msgs: 0.36.11 (/opt/ros/jazzy/share/tf2_geometry_msgs/cmake)
-- Found eigen3_cmake_module: 0.3.0 (/opt/ros/jazzy/share/eigen3_cmake_module/cmake)
-- Ensuring Eigen3 include directory is part of orocos-kdl CMake target
-- Found tf2_sensor_msgs: 0.36.11 (/opt/ros/jazzy/share/tf2_sensor_msgs/cmake)
-- Missing livox driver! AVIA Lidar will be disabled!
-- Configuring done (8.2s)
-- Generating done (0.2s)
-- Build files have been written to: /home/p/ros2_ws/src/build/spark_fast_lio
[ 28%] Built target ikd_tree
[ 57%] Built target spark_lio_mapping
[ 71%] [32mBuilding CXX object CMakeFiles/spark_lio_component.dir/src/spark_fast_lio.cpp.o[0m
In file included from [01m[K/usr/include/boost/bind/detail/requires_cxx11.hpp:9[m[K,
                 from [01m[K/usr/include/boost/bind/bind.hpp:24[m[K,
                 from [01m[K/usr/include/boost/bind.hpp:29[m[K,
                 from [01m[K/home/p/ros2_ws/src/spark-fast-lio/spark_fast_lio/third_party/IKFoM_toolkit/esekfom/esekfom.hpp:45[m[K,
                 from [01m[K/home/p/ros2_ws/src/spark-fast-lio/spark_fast_lio/include/common/use-ikfom.hpp:4[m[K,
                 from [01m[K/home/p/ros2_ws/src/spark-fast-lio/spark_fast_lio/include/imu_processing.hpp:30[m[K,
                 from [01m[K/home/p/ros2_ws/src/spark-fast-lio/spark_fast_lio/include/spark_fast_lio.h:23[m[K,
                 from [01m[K/home/p/ros2_ws/src/spark-fast-lio/spark_fast_lio/src/spark_fast_lio.cpp:1[m[K:
[01m[K/usr/include/boost/bind.hpp:36:1:[m[K [01;36m[Knote: [m[Kâ€˜[01m[K#pragma message: The practice of declaring the Bind placeholders (_1, _2, ...) in the global namespace is deprecated. Please use <boost/bind/bind.hpp> + using namespace boost::placeholders, or define BOOST_BIND_GLOBAL_PLACEHOLDERS to retain the current behavior.[m[Kâ€™
   36 | [01;36m[KBOOST_PRAGMA_MESSAGE[m[K(
      | [01;36m[K^~~~~~~~~~~~~~~~~~~~[m[K
In file included from [01m[K/home/p/ros2_ws/src/spark-fast-lio/spark_fast_lio/third_party/IKFoM_toolkit/esekfom/../mtk/types/S2.hpp:81[m[K,
                 from [01m[K/home/p/ros2_ws/src/spark-fast-lio/spark_fast_lio/third_party/IKFoM_toolkit/esekfom/esekfom.hpp:49[m[K:
/home/p/ros2_ws/src/spark-fast-lio/spark_fast_lio/third_party/IKFoM_toolkit/esekfom/../mtk/types/../src/mtkmath.hpp: In instantiation of â€˜[01m[Kstd::pair<_FIter, _FIter> MTK::[01;32m[Kcos_sinc_sqrt[m[K(const scalar&) [35m[K[with scalar = double][m[K[m[Kâ€™:
[01m[K/home/p/ros2_ws/src/spark-fast-lio/spark_fast_lio/third_party/IKFoM_toolkit/esekfom/../mtk/types/../src/mtkmath.hpp:253:53:[m[K   required from â€˜[01m[Kscalar MTK::[01;32m[Kexp[m[K(vectview<scalar, dim>, vectview<const scalar, dim>, const scalar&) [35m[K[with scalar = double; int n = 3][m[K[m[Kâ€™
[01m[K/home/p/ros2_ws/src/spark-fast-lio/spark_fast_lio/third_party/IKFoM_toolkit/esekfom/../mtk/types/S2.hpp:135:34:[m[K   required from â€˜[01m[Kvoid MTK::S2<_scalar, den, num, S2_typ>::[01;32m[Kboxplus[m[K(MTK::vectview<const _scalar, 2>, scalar) [35m[K[with _scalar = double; int den = 98090; int num = 10000; int S2_typ = 1; scalar = double][m[K[m[Kâ€™
[01m[K/home/p/ros2_ws/src/spark-fast-lio/spark_fast_lio/include/common/use-ikfom.hpp:12:1:[m[K   required from here
[01m[K/home/p/ros2_ws/src/spark-fast-lio/spark_fast_lio/third_party/IKFoM_toolkit/esekfom/../mtk/types/../src/mtkmath.hpp:149:27:[m[K [01;36m[Knote: [m[Kparameter passing for argument of type â€˜[01m[Kstd::pair<double, double>[m[Kâ€™ when C++17 is enabled changed to match C++14 ]8;;https://gcc.gnu.org/gcc-10/changes.html#empty_basein GCC 10.1]8;;
  149 | std::pair<scalar, scalar> [01;36m[Kcos_sinc_sqrt[m[K(const scalar& x2) {
      |                           [01;36m[K^~~~~~~~~~~~~[m[K
[01m[Kc++:[m[K [01;31m[Kfatal error: [m[KKilled signal terminated program cc1plus
compilation terminated.
gmake[2]: *** [CMakeFiles/spark_lio_component.dir/build.make:76: CMakeFiles/spark_lio_component.dir/src/spark_fast_lio.cpp.o] Error 1
gmake[1]: *** [CMakeFiles/Makefile2:167: CMakeFiles/spark_lio_component.dir/all] Error 2
gmake: *** [Makefile:146: all] Error 2
