[0.019s] Invoking command in '/home/p/ros2_ws/src/build/spark_fast_lio': CMAKE_PREFIX_PATH=${CMAKE_PREFIX_PATH}:/opt/ros/jazzy DEBUGINFOD_URLS=https://debuginfod.ubuntu.com /usr/bin/cmake /home/p/ros2_ws/src/spark-fast-lio/spark_fast_lio -DCMAKE_INSTALL_RPATH=/usr/local/lib -DCMAKE_INSTALL_PREFIX=/home/p/ros2_ws/src/install/spark_fast_lio
[0.058s] -- Current CPU archtecture: aarch64
[0.064s] -- Found ament_cmake: 2.5.4 (/opt/ros/jazzy/share/ament_cmake/cmake)
[0.583s] -- Found nav_msgs: 5.3.6 (/opt/ros/jazzy/share/nav_msgs/cmake)
[0.643s] -- Found rosidl_generator_c: 4.6.5 (/opt/ros/jazzy/share/rosidl_generator_c/cmake)
[0.667s] -- Found rosidl_generator_cpp: 4.6.5 (/opt/ros/jazzy/share/rosidl_generator_cpp/cmake)
[0.689s] -- Using all available rosidl_typesupport_c: rosidl_typesupport_fastrtps_c;rosidl_typesupport_introspection_c
[0.720s] -- Using all available rosidl_typesupport_cpp: rosidl_typesupport_fastrtps_cpp;rosidl_typesupport_introspection_cpp
[0.898s] -- Found rclcpp: 28.1.9 (/opt/ros/jazzy/share/rclcpp/cmake)
[0.977s] -- Found rmw_implementation_cmake: 7.3.2 (/opt/ros/jazzy/share/rmw_implementation_cmake/cmake)
[0.983s] -- Found rmw_fastrtps_cpp: 8.4.2 (/opt/ros/jazzy/share/rmw_fastrtps_cpp/cmake)
[1.128s] -- Using RMW implementation 'rmw_fastrtps_cpp' as default
[1.263s] -- Found rclcpp_components: 28.1.9 (/opt/ros/jazzy/share/rclcpp_components/cmake)
[1.316s] -- Found sensor_msgs: 5.3.6 (/opt/ros/jazzy/share/sensor_msgs/cmake)
[1.370s] -- Found visualization_msgs: 5.3.6 (/opt/ros/jazzy/share/visualization_msgs/cmake)
[1.428s] -- Found pcl_conversions: 2.6.2 (/opt/ros/jazzy/share/pcl_conversions/cmake)
[1.536s] [33mCMake Warning (dev) at /usr/lib/aarch64-linux-gnu/cmake/pcl/Modules/FindFLANN.cmake:45 (find_package):
[1.536s]   Policy CMP0144 is not set: find_package uses upper-case <PACKAGENAME>_ROOT
[1.536s]   variables.  Run "cmake --help-policy CMP0144" for policy details.  Use the
[1.536s]   cmake_policy command to set the policy and suppress this warning.
[1.536s] 
[1.537s]   CMake variable FLANN_ROOT is set to:
[1.537s] 
[1.537s]     /usr
[1.537s] 
[1.537s]   For compatibility, find_package is ignoring the variable, but code in a
[1.537s]   .cmake module might still use it.
[1.537s] Call Stack (most recent call first):
[1.538s]   /usr/lib/aarch64-linux-gnu/cmake/pcl/PCLConfig.cmake:261 (find_package)
[1.538s]   /usr/lib/aarch64-linux-gnu/cmake/pcl/PCLConfig.cmake:306 (find_flann)
[1.538s]   /usr/lib/aarch64-linux-gnu/cmake/pcl/PCLConfig.cmake:570 (find_external_library)
[1.538s]   /opt/ros/jazzy/share/pcl_conversions/cmake/ament_cmake_export_dependencies-extras.cmake:21 (find_package)
[1.538s]   /opt/ros/jazzy/share/pcl_conversions/cmake/pcl_conversionsConfig.cmake:41 (include)
[1.538s]   CMakeLists.txt:49 (find_package)
[1.547s] This warning is for project developers.  Use -Wno-dev to suppress it.
[1.548s] [0m
[1.562s] -- Found flann version 1.9.2
[2.492s] -- OpenNI found (version: 1.5.4.0, include: /usr/include/ni, lib: /usr/lib/libOpenNI.so;libusb::libusb)
[2.509s] -- OpenNI2 found (version: 2.2.0.33, include: /usr/include/openni2, lib: /usr/lib/aarch64-linux-gnu/libOpenNI2.so;libusb::libusb)
[2.519s] -- Could NOT find Pcap (missing: PCAP_LIBRARIES PCAP_INCLUDE_DIRS) 
[3.565s] -- OpenNI found (version: 1.5.4.0, include: /usr/include/ni, lib: /usr/lib/libOpenNI.so;libusb::libusb)
[3.579s] -- OpenNI2 found (version: 2.2.0.33, include: /usr/include/openni2, lib: /usr/lib/aarch64-linux-gnu/libOpenNI2.so;libusb::libusb)
[4.736s] -- Found Qhull version 8.0.2
[6.131s] -- OpenNI found (version: 1.5.4.0, include: /usr/include/ni, lib: /usr/lib/libOpenNI.so;libusb::libusb)
[7.470s] -- Found tf2_ros: 0.36.11 (/opt/ros/jazzy/share/tf2_ros/cmake)
[7.678s] -- Found tf2_eigen: 0.36.11 (/opt/ros/jazzy/share/tf2_eigen/cmake)
[7.684s] -- Found tf2_geometry_msgs: 0.36.11 (/opt/ros/jazzy/share/tf2_geometry_msgs/cmake)
[7.691s] -- Found eigen3_cmake_module: 0.3.0 (/opt/ros/jazzy/share/eigen3_cmake_module/cmake)
[7.694s] -- Ensuring Eigen3 include directory is part of orocos-kdl CMake target
[7.697s] -- Found tf2_sensor_msgs: 0.36.11 (/opt/ros/jazzy/share/tf2_sensor_msgs/cmake)
[7.725s] -- Missing livox driver! AVIA Lidar will be disabled!
[8.287s] -- Configuring done (8.2s)
[8.564s] -- Generating done (0.2s)
[8.605s] -- Build files have been written to: /home/p/ros2_ws/src/build/spark_fast_lio
[8.654s] Invoked command in '/home/p/ros2_ws/src/build/spark_fast_lio' returned '0': CMAKE_PREFIX_PATH=${CMAKE_PREFIX_PATH}:/opt/ros/jazzy DEBUGINFOD_URLS=https://debuginfod.ubuntu.com /usr/bin/cmake /home/p/ros2_ws/src/spark-fast-lio/spark_fast_lio -DCMAKE_INSTALL_RPATH=/usr/local/lib -DCMAKE_INSTALL_PREFIX=/home/p/ros2_ws/src/install/spark_fast_lio
[8.661s] Invoking command in '/home/p/ros2_ws/src/build/spark_fast_lio': CMAKE_PREFIX_PATH=${CMAKE_PREFIX_PATH}:/opt/ros/jazzy DEBUGINFOD_URLS=https://debuginfod.ubuntu.com /usr/bin/cmake --build /home/p/ros2_ws/src/build/spark_fast_lio -- -j4 -l4
[9.010s] [ 28%] Built target ikd_tree
[9.138s] [ 57%] Built target spark_lio_mapping
[9.290s] [ 71%] [32mBuilding CXX object CMakeFiles/spark_lio_component.dir/src/spark_fast_lio.cpp.o[0m
[29.029s] In file included from [01m[K/usr/include/boost/bind/detail/requires_cxx11.hpp:9[m[K,
[29.029s]                  from [01m[K/usr/include/boost/bind/bind.hpp:24[m[K,
[29.029s]                  from [01m[K/usr/include/boost/bind.hpp:29[m[K,
[29.029s]                  from [01m[K/home/p/ros2_ws/src/spark-fast-lio/spark_fast_lio/third_party/IKFoM_toolkit/esekfom/esekfom.hpp:45[m[K,
[29.029s]                  from [01m[K/home/p/ros2_ws/src/spark-fast-lio/spark_fast_lio/include/common/use-ikfom.hpp:4[m[K,
[29.029s]                  from [01m[K/home/p/ros2_ws/src/spark-fast-lio/spark_fast_lio/include/imu_processing.hpp:30[m[K,
[29.030s]                  from [01m[K/home/p/ros2_ws/src/spark-fast-lio/spark_fast_lio/include/spark_fast_lio.h:23[m[K,
[29.030s]                  from [01m[K/home/p/ros2_ws/src/spark-fast-lio/spark_fast_lio/src/spark_fast_lio.cpp:1[m[K:
[29.030s] [01m[K/usr/include/boost/bind.hpp:36:1:[m[K [01;36m[Knote: [m[Kâ€˜[01m[K#pragma message: The practice of declaring the Bind placeholders (_1, _2, ...) in the global namespace is deprecated. Please use <boost/bind/bind.hpp> + using namespace boost::placeholders, or define BOOST_BIND_GLOBAL_PLACEHOLDERS to retain the current behavior.[m[Kâ€™
[29.030s]    36 | [01;36m[KBOOST_PRAGMA_MESSAGE[m[K(
[29.030s]       | [01;36m[K^~~~~~~~~~~~~~~~~~~~[m[K
[47.703s] In file included from [01m[K/home/p/ros2_ws/src/spark-fast-lio/spark_fast_lio/third_party/IKFoM_toolkit/esekfom/../mtk/types/S2.hpp:81[m[K,
[47.703s]                  from [01m[K/home/p/ros2_ws/src/spark-fast-lio/spark_fast_lio/third_party/IKFoM_toolkit/esekfom/esekfom.hpp:49[m[K:
[47.703s] /home/p/ros2_ws/src/spark-fast-lio/spark_fast_lio/third_party/IKFoM_toolkit/esekfom/../mtk/types/../src/mtkmath.hpp: In instantiation of â€˜[01m[Kstd::pair<_FIter, _FIter> MTK::[01;32m[Kcos_sinc_sqrt[m[K(const scalar&) [35m[K[with scalar = double][m[K[m[Kâ€™:
[47.706s] [01m[K/home/p/ros2_ws/src/spark-fast-lio/spark_fast_lio/third_party/IKFoM_toolkit/esekfom/../mtk/types/../src/mtkmath.hpp:253:53:[m[K   required from â€˜[01m[Kscalar MTK::[01;32m[Kexp[m[K(vectview<scalar, dim>, vectview<const scalar, dim>, const scalar&) [35m[K[with scalar = double; int n = 3][m[K[m[Kâ€™
[47.707s] [01m[K/home/p/ros2_ws/src/spark-fast-lio/spark_fast_lio/third_party/IKFoM_toolkit/esekfom/../mtk/types/S2.hpp:135:34:[m[K   required from â€˜[01m[Kvoid MTK::S2<_scalar, den, num, S2_typ>::[01;32m[Kboxplus[m[K(MTK::vectview<const _scalar, 2>, scalar) [35m[K[with _scalar = double; int den = 98090; int num = 10000; int S2_typ = 1; scalar = double][m[K[m[Kâ€™
[47.710s] [01m[K/home/p/ros2_ws/src/spark-fast-lio/spark_fast_lio/include/common/use-ikfom.hpp:12:1:[m[K   required from here
[47.711s] [01m[K/home/p/ros2_ws/src/spark-fast-lio/spark_fast_lio/third_party/IKFoM_toolkit/esekfom/../mtk/types/../src/mtkmath.hpp:149:27:[m[K [01;36m[Knote: [m[Kparameter passing for argument of type â€˜[01m[Kstd::pair<double, double>[m[Kâ€™ when C++17 is enabled changed to match C++14 ]8;;https://gcc.gnu.org/gcc-10/changes.html#empty_basein GCC 10.1]8;;
[47.711s]   149 | std::pair<scalar, scalar> [01;36m[Kcos_sinc_sqrt[m[K(const scalar& x2) {
[47.711s]       |                           [01;36m[K^~~~~~~~~~~~~[m[K
[134.099s] [01m[Kc++:[m[K [01;31m[Kfatal error: [m[KKilled signal terminated program cc1plus
[134.110s] compilation terminated.
[134.110s] gmake[2]: *** [CMakeFiles/spark_lio_component.dir/build.make:76: CMakeFiles/spark_lio_component.dir/src/spark_fast_lio.cpp.o] Error 1
[134.167s] gmake[1]: *** [CMakeFiles/Makefile2:167: CMakeFiles/spark_lio_component.dir/all] Error 2
[134.168s] gmake: *** [Makefile:146: all] Error 2
