-- Found ament_cmake: 2.5.4 (/opt/ros/jazzy/share/ament_cmake/cmake)
-- Found Python3: /usr/bin/python3 (found version "3.12.3") found components: Interpreter 
-- Found rclcpp: 28.1.10 (/opt/ros/jazzy/share/rclcpp/cmake)
-- Found rosidl_generator_c: 4.6.5 (/opt/ros/jazzy/share/rosidl_generator_c/cmake)
-- Found rosidl_generator_cpp: 4.6.5 (/opt/ros/jazzy/share/rosidl_generator_cpp/cmake)
-- Using all available rosidl_typesupport_c: rosidl_typesupport_fastrtps_c;rosidl_typesupport_introspection_c
-- Using all available rosidl_typesupport_cpp: rosidl_typesupport_fastrtps_cpp;rosidl_typesupport_introspection_cpp
-- Found rmw_implementation_cmake: 7.3.2 (/opt/ros/jazzy/share/rmw_implementation_cmake/cmake)
-- Found rmw_fastrtps_cpp: 8.4.2 (/opt/ros/jazzy/share/rmw_fastrtps_cpp/cmake)
-- Using RMW implementation 'rmw_fastrtps_cpp' as default
-- Found sensor_msgs: 5.3.6 (/opt/ros/jazzy/share/sensor_msgs/cmake)
-- Found nav_msgs: 5.3.6 (/opt/ros/jazzy/share/nav_msgs/cmake)
-- Found visualization_msgs: 5.3.6 (/opt/ros/jazzy/share/visualization_msgs/cmake)
-- Found tf2_ros: 0.36.12 (/opt/ros/jazzy/share/tf2_ros/cmake)
-- Found tf2_geometry_msgs: 0.36.12 (/opt/ros/jazzy/share/tf2_geometry_msgs/cmake)
-- Found eigen3_cmake_module: 0.3.0 (/opt/ros/jazzy/share/eigen3_cmake_module/cmake)
-- Ensuring Eigen3 include directory is part of orocos-kdl CMake target
-- Found tf2_eigen: 0.36.12 (/opt/ros/jazzy/share/tf2_eigen/cmake)
-- Found rosidl_default_generators: 1.6.0 (/opt/ros/jazzy/share/rosidl_default_generators/cmake)
-- Found rosidl_adapter: 4.6.5 (/opt/ros/jazzy/share/rosidl_adapter/cmake)
-- Found pcl_ros: 2.6.2 (/opt/ros/jazzy/share/pcl_ros/cmake)
CMake Warning (dev) at /usr/lib/aarch64-linux-gnu/cmake/pcl/Modules/FindFLANN.cmake:45 (find_package):
  Policy CMP0144 is not set: find_package uses upper-case <PACKAGENAME>_ROOT
  variables.  Run "cmake --help-policy CMP0144" for policy details.  Use the
  cmake_policy command to set the policy and suppress this warning.

  CMake variable FLANN_ROOT is set to:

    /usr

  For compatibility, find_package is ignoring the variable, but code in a
  .cmake module might still use it.
Call Stack (most recent call first):
  /usr/lib/aarch64-linux-gnu/cmake/pcl/PCLConfig.cmake:261 (find_package)
  /usr/lib/aarch64-linux-gnu/cmake/pcl/PCLConfig.cmake:306 (find_flann)
  /usr/lib/aarch64-linux-gnu/cmake/pcl/PCLConfig.cmake:570 (find_external_library)
  /opt/ros/jazzy/share/pcl_conversions/cmake/ament_cmake_export_dependencies-extras.cmake:21 (find_package)
  /opt/ros/jazzy/share/pcl_conversions/cmake/pcl_conversionsConfig.cmake:41 (include)
  /opt/ros/jazzy/share/pcl_ros/cmake/ament_cmake_export_dependencies-extras.cmake:21 (find_package)
  /opt/ros/jazzy/share/pcl_ros/cmake/pcl_rosConfig.cmake:41 (include)
  CMakeLists.txt:30 (find_package)
This warning is for project developers.  Use -Wno-dev to suppress it.

-- Found flann version 1.9.2
-- OpenNI found (version: 1.5.4.0, include: /usr/include/ni, lib: /usr/lib/libOpenNI.so;libusb::libusb)
-- OpenNI2 found (version: 2.2.0.33, include: /usr/include/openni2, lib: /usr/lib/aarch64-linux-gnu/libOpenNI2.so;libusb::libusb)
-- Could NOT find Pcap (missing: PCAP_LIBRARIES PCAP_INCLUDE_DIRS) 
-- OpenNI found (version: 1.5.4.0, include: /usr/include/ni, lib: /usr/lib/libOpenNI.so;libusb::libusb)
-- OpenNI2 found (version: 2.2.0.33, include: /usr/include/openni2, lib: /usr/lib/aarch64-linux-gnu/libOpenNI2.so;libusb::libusb)
-- Found Qhull version 8.0.2
-- OpenNI found (version: 1.5.4.0, include: /usr/include/ni, lib: /usr/lib/libOpenNI.so;libusb::libusb)
CMake Warning (dev) at CMakeLists.txt:32 (find_package):
  Policy CMP0074 is not set: find_package uses <PackageName>_ROOT variables.
  Run "cmake --help-policy CMP0074" for policy details.  Use the cmake_policy
  command to set the policy and suppress this warning.

  CMake variable PCL_ROOT is set to:

    /usr

  For compatibility, CMake is ignoring the variable.
This warning is for project developers.  Use -Wno-dev to suppress it.

-- Found ament_cmake_ros: 0.12.0 (/opt/ros/jazzy/share/ament_cmake_ros/cmake)
-- Using all available rosidl_typesupport_c: rosidl_typesupport_fastrtps_c;rosidl_typesupport_introspection_c
-- Using all available rosidl_typesupport_cpp: rosidl_typesupport_fastrtps_cpp;rosidl_typesupport_introspection_cpp
-- Found python_cmake_module: 0.11.1 (/opt/ros/jazzy/share/python_cmake_module/cmake)
-- Found Python3: /usr/bin/python3 (found version "3.12.3") found components: Interpreter Development NumPy Development.Module Development.Embed 
-- Configuring done (6.4s)
-- Generating done (0.9s)
-- Build files have been written to: /home/p/ros2_ws/src/build/cpp_package
[  1%] Built target cpp_package__rosidl_generator_type_description
[  1%] Built target ament_cmake_python_copy_cpp_package
[  2%] Linking CXX executable pointcloud_formatter_node
[  3%] Linking CXX executable icp_3d_odom_node
[  4%] Linking CXX executable front_cloud_filter_node
[  5%] Linking CXX executable deskew_node
[  6%] Built target pointcloud_formatter_node
[  7%] Linking CXX executable obstacle_detector_node
[  8%] Built target deskew_node
[ 10%] Built target front_cloud_filter_node
[ 11%] Linking CXX executable point_cloud_sweeper_cpp_node
[ 12%] Linking CXX executable point_cloud_accumulator_cpp_node
[ 13%] Built target point_cloud_accumulator_cpp_node
[ 14%] Linking CXX executable point_cloud_voxel_filter_cpp_node
[ 15%] Built target point_cloud_sweeper_cpp_node
[ 16%] Built target obstacle_detector_node
[ 17%] Linking CXX executable point_cloud_passthrough_filter_cpp_node
[ 18%] Linking CXX executable point_cloud_statistical_outlier_remover_cpp_node
[ 20%] Built target icp_3d_odom_node
[ 21%] Linking CXX executable point_count_sweeper_node
[ 22%] Built target point_cloud_voxel_filter_cpp_node
[ 23%] Linking CXX executable z_variance_sweeper_node
[ 24%] Built target point_cloud_statistical_outlier_remover_cpp_node
[ 25%] Linking CXX executable stable_ground_detector_node
[ 26%] Built target point_cloud_passthrough_filter_cpp_node
[ 27%] Linking CXX executable projected_ground_detector_node
[ 28%] Built target point_count_sweeper_node
[ 30%] Linking CXX executable height_ground_detector_node
[ 31%] Built target z_variance_sweeper_node
[ 33%] Built target imu_odometry_node
[ 34%] Built target cpp_package__cpp
[ 43%] Built target cpp_package__rosidl_generator_c
[ 44%] Built target stable_ground_detector_node
[ 48%] Built target cpp_package__rosidl_typesupport_cpp
running egg_info
[ 53%] Built target cpp_package__rosidl_typesupport_fastrtps_c
writing cpp_package.egg-info/PKG-INFO
writing dependency_links to cpp_package.egg-info/dependency_links.txt
writing top-level names to cpp_package.egg-info/top_level.txt
[ 57%] Built target cpp_package__rosidl_typesupport_fastrtps_cpp
[ 62%] Built target cpp_package__rosidl_typesupport_introspection_c
[ 66%] Built target cpp_package__rosidl_typesupport_c
reading manifest file 'cpp_package.egg-info/SOURCES.txt'
[ 71%] Built target cpp_package__rosidl_typesupport_introspection_cpp
writing manifest file 'cpp_package.egg-info/SOURCES.txt'
[ 72%] Linking CXX executable obstacle_evaluator_node
[ 72%] Built target ament_cmake_python_build_cpp_package_egg
[ 74%] Built target navigation_hint_node
[ 76%] Built target haptic_driver_node
[ 77%] Built target height_ground_detector_node
[ 78%] Building CXX object CMakeFiles/ground_plane_fitter_node.dir/src/ground_plane_fitter_node.cpp.o
[ 80%] Linking CXX executable ground_plane_fitter_no_voxel_node
[ 81%] Built target projected_ground_detector_node
[ 82%] Built target obstacle_evaluator_node
[ 83%] Built target ground_plane_fitter_no_voxel_node
/home/p/ros2_ws/src/cpp_package/src/ground_plane_fitter_node.cpp: In constructor ‘GroundPlaneFitterNode::GroundPlaneFitterNode()’:
/home/p/ros2_ws/src/cpp_package/src/ground_plane_fitter_node.cpp:19:65: error: class ‘GroundPlaneFitterNode’ does not have any field named ‘first_plane_’
   19 |     GroundPlaneFitterNode() : Node("ground_plane_fitter_node"), first_plane_(true)
      |                                                                 ^~~~~~~~~~~~
/home/p/ros2_ws/src/cpp_package/src/ground_plane_fitter_node.cpp:32:44: error: ‘input_topic_’ was not declared in this scope
   32 |         this->get_parameter("input_topic", input_topic_);
      |                                            ^~~~~~~~~~~~
/home/p/ros2_ws/src/cpp_package/src/ground_plane_fitter_node.cpp:33:53: error: ‘refined_ground_topic_’ was not declared in this scope
   33 |         this->get_parameter("refined_ground_topic", refined_ground_topic_);
      |                                                     ^~~~~~~~~~~~~~~~~~~~~
/home/p/ros2_ws/src/cpp_package/src/ground_plane_fitter_node.cpp:34:47: error: ‘obstacle_topic_’ was not declared in this scope
   34 |         this->get_parameter("obstacle_topic", obstacle_topic_);
      |                                               ^~~~~~~~~~~~~~~
/home/p/ros2_ws/src/cpp_package/src/ground_plane_fitter_node.cpp:35:45: error: ‘marker_topic_’ was not declared in this scope
   35 |         this->get_parameter("marker_topic", marker_topic_);
      |                                             ^~~~~~~~~~~~~
/home/p/ros2_ws/src/cpp_package/src/ground_plane_fitter_node.cpp:36:60: error: ‘ground_height_threshold_min_’ was not declared in this scope
   36 |         this->get_parameter("ground_height_threshold_min", ground_height_threshold_min_);
      |                                                            ^~~~~~~~~~~~~~~~~~~~~~~~~~~~
/home/p/ros2_ws/src/cpp_package/src/ground_plane_fitter_node.cpp:37:60: error: ‘ground_height_threshold_max_’ was not declared in this scope
   37 |         this->get_parameter("ground_height_threshold_max", ground_height_threshold_max_);
      |                                                            ^~~~~~~~~~~~~~~~~~~~~~~~~~~~
/home/p/ros2_ws/src/cpp_package/src/ground_plane_fitter_node.cpp:38:48: error: ‘voxel_leaf_size_’ was not declared in this scope
   38 |         this->get_parameter("voxel_leaf_size", voxel_leaf_size_);
      |                                                ^~~~~~~~~~~~~~~~
/home/p/ros2_ws/src/cpp_package/src/ground_plane_fitter_node.cpp:39:58: error: ‘ransac_distance_threshold_’ was not declared in this scope
   39 |         this->get_parameter("ransac_distance_threshold", ransac_distance_threshold_);
      |                                                          ^~~~~~~~~~~~~~~~~~~~~~~~~~
/home/p/ros2_ws/src/cpp_package/src/ground_plane_fitter_node.cpp:40:48: error: ‘smoothing_alpha_’ was not declared in this scope
   40 |         this->get_parameter("smoothing_alpha", smoothing_alpha_);
      |                                                ^~~~~~~~~~~~~~~~
/home/p/ros2_ws/src/cpp_package/src/ground_plane_fitter_node.cpp:51:9: error: ‘marker_publisher_’ was not declared in this scope; did you mean ‘rmw_publisher_t’?
   51 |         marker_publisher_ = this->create_publisher<visualization_msgs::msg::Marker>(marker_topic_, 10);
      |         ^~~~~~~~~~~~~~~~~
      |         rmw_publisher_t
/home/p/ros2_ws/src/cpp_package/src/ground_plane_fitter_node.cpp:53:9: error: ‘accumulated_candidates_’ was not declared in this scope
   53 |         accumulated_candidates_ = pcl::make_shared<pcl::PointCloud<pcl::PointXYZ>>();
      |         ^~~~~~~~~~~~~~~~~~~~~~~
/home/p/ros2_ws/src/cpp_package/src/ground_plane_fitter_node.cpp:54:9: error: ‘previous_coefficients_’ was not declared in this scope
   54 |         previous_coefficients_ = pcl::make_shared<pcl::ModelCoefficients>();
      |         ^~~~~~~~~~~~~~~~~~~~~~
/home/p/ros2_ws/src/cpp_package/src/ground_plane_fitter_node.cpp: In member function ‘void GroundPlaneFitterNode::cloud_callback(sensor_msgs::msg::PointCloud2_<std::allocator<void> >::SharedPtr)’:
/home/p/ros2_ws/src/cpp_package/src/ground_plane_fitter_node.cpp:70:34: error: ‘ground_height_threshold_min_’ was not declared in this scope
   70 |         pass_obs.setFilterLimits(ground_height_threshold_min_, ground_height_threshold_max_);
      |                                  ^~~~~~~~~~~~~~~~~~~~~~~~~~~~
/home/p/ros2_ws/src/cpp_package/src/ground_plane_fitter_node.cpp:70:64: error: ‘ground_height_threshold_max_’ was not declared in this scope
   70 |         pass_obs.setFilterLimits(ground_height_threshold_min_, ground_height_threshold_max_);
      |                                                                ^~~~~~~~~~~~~~~~~~~~~~~~~~~~
/home/p/ros2_ws/src/cpp_package/src/ground_plane_fitter_node.cpp:92:10: error: ‘accumulated_candidates_’ was not declared in this scope
   92 |         *accumulated_candidates_ += *ground_candidates;
      |          ^~~~~~~~~~~~~~~~~~~~~~~
/home/p/ros2_ws/src/cpp_package/src/ground_plane_fitter_node.cpp:95:32: error: ‘voxel_leaf_size_’ was not declared in this scope
   95 |         voxel_grid.setLeafSize(voxel_leaf_size_, voxel_leaf_size_, voxel_leaf_size_);
      |                                ^~~~~~~~~~~~~~~~
/home/p/ros2_ws/src/cpp_package/src/ground_plane_fitter_node.cpp:107:34: error: ‘ransac_distance_threshold_’ was not declared in this scope
  107 |         seg.setDistanceThreshold(ransac_distance_threshold_);
      |                                  ^~~~~~~~~~~~~~~~~~~~~~~~~~
/home/p/ros2_ws/src/cpp_package/src/ground_plane_fitter_node.cpp:118:13: error: ‘first_plane_’ was not declared in this scope
  118 |         if (first_plane_)
      |             ^~~~~~~~~~~~
/home/p/ros2_ws/src/cpp_package/src/ground_plane_fitter_node.cpp:120:14: error: ‘previous_coefficients_’ was not declared in this scope
  120 |             *previous_coefficients_ = *current_coefficients;
      |              ^~~~~~~~~~~~~~~~~~~~~~
/home/p/ros2_ws/src/cpp_package/src/ground_plane_fitter_node.cpp:127:17: error: ‘previous_coefficients_’ was not declared in this scope
  127 |                 previous_coefficients_->values[i] =
      |                 ^~~~~~~~~~~~~~~~~~~~~~
/home/p/ros2_ws/src/cpp_package/src/ground_plane_fitter_node.cpp:128:21: error: ‘smoothing_alpha_’ was not declared in this scope
  128 |                     smoothing_alpha_ * current_coefficients->values[i] +
      |                     ^~~~~~~~~~~~~~~~
/home/p/ros2_ws/src/cpp_package/src/ground_plane_fitter_node.cpp:147:44: error: ‘previous_coefficients_’ was not declared in this scope
  147 |         publish_plane_marker(msg->header, *previous_coefficients_);
      |                                            ^~~~~~~~~~~~~~~~~~~~~~
/home/p/ros2_ws/src/cpp_package/src/ground_plane_fitter_node.cpp: In member function ‘void GroundPlaneFitterNode::publish_plane_marker(const std_msgs::msg::Header&, const pcl::ModelCoefficients&)’:
/home/p/ros2_ws/src/cpp_package/src/ground_plane_fitter_node.cpp:207:9: error: ‘marker_publisher_’ was not declared in this scope; did you mean ‘rmw_publisher_t’?
  207 |         marker_publisher_->publish(marker);
      |         ^~~~~~~~~~~~~~~~~
      |         rmw_publisher_t
gmake[2]: *** [CMakeFiles/ground_plane_fitter_node.dir/build.make:76: CMakeFiles/ground_plane_fitter_node.dir/src/ground_plane_fitter_node.cpp.o] 오류 1
gmake[1]: *** [CMakeFiles/Makefile2:1091: CMakeFiles/ground_plane_fitter_node.dir/all] 오류 2
gmake: *** [Makefile:146: all] 오류 2
