[0.022s] Invoking command in '/home/p/ros2_ws/src/build/cpp_package': CMAKE_PREFIX_PATH=${CMAKE_PREFIX_PATH}:/home/p/ros2_ws/install/sweep_builder:/home/p/ros2_ws/install/optical_cane_rpi:/home/p/ros2_ws/install/mpu9250:/opt/ros/jazzy DEBUGINFOD_URLS=https://debuginfod.ubuntu.com /usr/bin/cmake --build /home/p/ros2_ws/src/build/cpp_package -- -j4 -l4
[0.082s] -- Found ament_cmake: 2.5.4 (/opt/ros/jazzy/share/ament_cmake/cmake)
[0.126s] -- Found Python3: /usr/bin/python3 (found version "3.12.3") found components: Interpreter 
[0.269s] -- Found rclcpp: 28.1.10 (/opt/ros/jazzy/share/rclcpp/cmake)
[0.309s] -- Found rosidl_generator_c: 4.6.5 (/opt/ros/jazzy/share/rosidl_generator_c/cmake)
[0.323s] -- Found rosidl_generator_cpp: 4.6.5 (/opt/ros/jazzy/share/rosidl_generator_cpp/cmake)
[0.340s] -- Using all available rosidl_typesupport_c: rosidl_typesupport_fastrtps_c;rosidl_typesupport_introspection_c
[0.358s] -- Using all available rosidl_typesupport_cpp: rosidl_typesupport_fastrtps_cpp;rosidl_typesupport_introspection_cpp
[0.444s] -- Found rmw_implementation_cmake: 7.3.2 (/opt/ros/jazzy/share/rmw_implementation_cmake/cmake)
[0.446s] -- Found rmw_fastrtps_cpp: 8.4.2 (/opt/ros/jazzy/share/rmw_fastrtps_cpp/cmake)
[0.545s] -- Using RMW implementation 'rmw_fastrtps_cpp' as default
[0.632s] -- Found sensor_msgs: 5.3.6 (/opt/ros/jazzy/share/sensor_msgs/cmake)
[0.704s] -- Found nav_msgs: 5.3.6 (/opt/ros/jazzy/share/nav_msgs/cmake)
[0.738s] -- Found visualization_msgs: 5.3.6 (/opt/ros/jazzy/share/visualization_msgs/cmake)
[0.775s] -- Found tf2_ros: 0.36.12 (/opt/ros/jazzy/share/tf2_ros/cmake)
[0.920s] -- Found tf2_geometry_msgs: 0.36.12 (/opt/ros/jazzy/share/tf2_geometry_msgs/cmake)
[0.925s] -- Found eigen3_cmake_module: 0.3.0 (/opt/ros/jazzy/share/eigen3_cmake_module/cmake)
[0.927s] -- Ensuring Eigen3 include directory is part of orocos-kdl CMake target
[0.929s] -- Found tf2_eigen: 0.36.12 (/opt/ros/jazzy/share/tf2_eigen/cmake)
[0.935s] -- Found rosidl_default_generators: 1.6.0 (/opt/ros/jazzy/share/rosidl_default_generators/cmake)
[0.947s] -- Found rosidl_adapter: 4.6.5 (/opt/ros/jazzy/share/rosidl_adapter/cmake)
[0.949s] -- Found pcl_ros: 2.6.2 (/opt/ros/jazzy/share/pcl_ros/cmake)
[1.023s] CMake Warning (dev) at /usr/lib/aarch64-linux-gnu/cmake/pcl/Modules/FindFLANN.cmake:45 (find_package):
[1.024s]   Policy CMP0144 is not set: find_package uses upper-case <PACKAGENAME>_ROOT
[1.024s]   variables.  Run "cmake --help-policy CMP0144" for policy details.  Use the
[1.024s]   cmake_policy command to set the policy and suppress this warning.
[1.024s] 
[1.024s]   CMake variable FLANN_ROOT is set to:
[1.024s] 
[1.024s]     /usr
[1.024s] 
[1.024s]   For compatibility, find_package is ignoring the variable, but code in a
[1.024s]   .cmake module might still use it.
[1.025s] Call Stack (most recent call first):
[1.025s]   /usr/lib/aarch64-linux-gnu/cmake/pcl/PCLConfig.cmake:261 (find_package)
[1.025s]   /usr/lib/aarch64-linux-gnu/cmake/pcl/PCLConfig.cmake:306 (find_flann)
[1.025s]   /usr/lib/aarch64-linux-gnu/cmake/pcl/PCLConfig.cmake:570 (find_external_library)
[1.025s]   /opt/ros/jazzy/share/pcl_conversions/cmake/ament_cmake_export_dependencies-extras.cmake:21 (find_package)
[1.025s]   /opt/ros/jazzy/share/pcl_conversions/cmake/pcl_conversionsConfig.cmake:41 (include)
[1.025s]   /opt/ros/jazzy/share/pcl_ros/cmake/ament_cmake_export_dependencies-extras.cmake:21 (find_package)
[1.025s]   /opt/ros/jazzy/share/pcl_ros/cmake/pcl_rosConfig.cmake:41 (include)
[1.025s]   CMakeLists.txt:30 (find_package)
[1.025s] This warning is for project developers.  Use -Wno-dev to suppress it.
[1.025s] 
[1.025s] -- Found flann version 1.9.2
[1.743s] -- OpenNI found (version: 1.5.4.0, include: /usr/include/ni, lib: /usr/lib/libOpenNI.so;libusb::libusb)
[1.754s] -- OpenNI2 found (version: 2.2.0.33, include: /usr/include/openni2, lib: /usr/lib/aarch64-linux-gnu/libOpenNI2.so;libusb::libusb)
[1.759s] -- Could NOT find Pcap (missing: PCAP_LIBRARIES PCAP_INCLUDE_DIRS) 
[2.506s] -- OpenNI found (version: 1.5.4.0, include: /usr/include/ni, lib: /usr/lib/libOpenNI.so;libusb::libusb)
[2.518s] -- OpenNI2 found (version: 2.2.0.33, include: /usr/include/openni2, lib: /usr/lib/aarch64-linux-gnu/libOpenNI2.so;libusb::libusb)
[3.217s] -- Found Qhull version 8.0.2
[3.919s] -- OpenNI found (version: 1.5.4.0, include: /usr/include/ni, lib: /usr/lib/libOpenNI.so;libusb::libusb)
[4.640s] CMake Warning (dev) at CMakeLists.txt:32 (find_package):
[4.640s]   Policy CMP0074 is not set: find_package uses <PackageName>_ROOT variables.
[4.640s]   Run "cmake --help-policy CMP0074" for policy details.  Use the cmake_policy
[4.640s]   command to set the policy and suppress this warning.
[4.640s] 
[4.640s]   CMake variable PCL_ROOT is set to:
[4.640s] 
[4.640s]     /usr
[4.640s] 
[4.641s]   For compatibility, CMake is ignoring the variable.
[4.641s] This warning is for project developers.  Use -Wno-dev to suppress it.
[4.641s] 
[5.134s] -- Found ament_cmake_ros: 0.12.0 (/opt/ros/jazzy/share/ament_cmake_ros/cmake)
[5.499s] -- Using all available rosidl_typesupport_c: rosidl_typesupport_fastrtps_c;rosidl_typesupport_introspection_c
[5.641s] -- Using all available rosidl_typesupport_cpp: rosidl_typesupport_fastrtps_cpp;rosidl_typesupport_introspection_cpp
[5.642s] -- Found python_cmake_module: 0.11.1 (/opt/ros/jazzy/share/python_cmake_module/cmake)
[6.137s] -- Found Python3: /usr/bin/python3 (found version "3.12.3") found components: Interpreter Development NumPy Development.Module Development.Embed 
[6.489s] -- Configuring done (6.4s)
[7.589s] -- Generating done (0.9s)
[7.763s] -- Build files have been written to: /home/p/ros2_ws/src/build/cpp_package
[7.927s] [  1%] Built target cpp_package__rosidl_generator_type_description
[7.962s] [  1%] Built target ament_cmake_python_copy_cpp_package
[7.987s] [  2%] Linking CXX executable pointcloud_formatter_node
[8.020s] [  3%] Linking CXX executable icp_3d_odom_node
[8.046s] [  4%] Linking CXX executable front_cloud_filter_node
[8.108s] [  5%] Linking CXX executable deskew_node
[15.413s] [  6%] Built target pointcloud_formatter_node
[15.605s] [  7%] Linking CXX executable obstacle_detector_node
[15.995s] [  8%] Built target deskew_node
[16.081s] [ 10%] Built target front_cloud_filter_node
[16.343s] [ 11%] Linking CXX executable point_cloud_sweeper_cpp_node
[16.439s] [ 12%] Linking CXX executable point_cloud_accumulator_cpp_node
[22.164s] [ 13%] Built target point_cloud_accumulator_cpp_node
[22.344s] [ 14%] Linking CXX executable point_cloud_voxel_filter_cpp_node
[22.558s] [ 15%] Built target point_cloud_sweeper_cpp_node
[22.752s] [ 16%] Built target obstacle_detector_node
[22.809s] [ 17%] Linking CXX executable point_cloud_passthrough_filter_cpp_node
[23.008s] [ 18%] Linking CXX executable point_cloud_statistical_outlier_remover_cpp_node
[26.614s] [ 20%] Built target icp_3d_odom_node
[26.980s] [ 21%] Linking CXX executable point_count_sweeper_node
[27.511s] [ 22%] Built target point_cloud_voxel_filter_cpp_node
[27.776s] [ 23%] Linking CXX executable z_variance_sweeper_node
[28.958s] [ 24%] Built target point_cloud_statistical_outlier_remover_cpp_node
[29.222s] [ 25%] Linking CXX executable stable_ground_detector_node
[30.479s] [ 26%] Built target point_cloud_passthrough_filter_cpp_node
[30.781s] [ 27%] Linking CXX executable projected_ground_detector_node
[31.803s] [ 28%] Built target point_count_sweeper_node
[32.019s] [ 30%] Linking CXX executable height_ground_detector_node
[32.447s] [ 31%] Built target z_variance_sweeper_node
[32.689s] [ 33%] Built target imu_odometry_node
[32.822s] [ 34%] Built target cpp_package__cpp
[32.936s] [ 43%] Built target cpp_package__rosidl_generator_c
[34.856s] [ 44%] Built target stable_ground_detector_node
[35.098s] [ 48%] Built target cpp_package__rosidl_typesupport_cpp
[35.150s] running egg_info
[35.225s] [ 53%] Built target cpp_package__rosidl_typesupport_fastrtps_c
[35.236s] writing cpp_package.egg-info/PKG-INFO
[35.239s] writing dependency_links to cpp_package.egg-info/dependency_links.txt
[35.240s] writing top-level names to cpp_package.egg-info/top_level.txt
[35.349s] [ 57%] Built target cpp_package__rosidl_typesupport_fastrtps_cpp
[35.534s] [ 62%] Built target cpp_package__rosidl_typesupport_introspection_c
[35.696s] [ 66%] Built target cpp_package__rosidl_typesupport_c
[35.847s] reading manifest file 'cpp_package.egg-info/SOURCES.txt'
[35.855s] [ 71%] Built target cpp_package__rosidl_typesupport_introspection_cpp
[35.856s] writing manifest file 'cpp_package.egg-info/SOURCES.txt'
[36.085s] [ 72%] Linking CXX executable obstacle_evaluator_node
[36.140s] [ 72%] Built target ament_cmake_python_build_cpp_package_egg
[36.313s] [ 74%] Built target navigation_hint_node
[36.439s] [ 76%] Built target haptic_driver_node
[36.615s] [ 77%] Built target height_ground_detector_node
[36.649s] [ 78%] Building CXX object CMakeFiles/ground_plane_fitter_node.dir/src/ground_plane_fitter_node.cpp.o
[36.846s] [ 80%] Linking CXX executable ground_plane_fitter_no_voxel_node
[39.925s] [ 81%] Built target projected_ground_detector_node
[40.248s] [ 82%] Built target obstacle_evaluator_node
[42.437s] [ 83%] Built target ground_plane_fitter_no_voxel_node
[47.945s] /home/p/ros2_ws/src/cpp_package/src/ground_plane_fitter_node.cpp: In constructor ‘GroundPlaneFitterNode::GroundPlaneFitterNode()’:
[47.946s] /home/p/ros2_ws/src/cpp_package/src/ground_plane_fitter_node.cpp:19:65: error: class ‘GroundPlaneFitterNode’ does not have any field named ‘first_plane_’
[47.946s]    19 |     GroundPlaneFitterNode() : Node("ground_plane_fitter_node"), first_plane_(true)
[47.946s]       |                                                                 ^~~~~~~~~~~~
[47.983s] /home/p/ros2_ws/src/cpp_package/src/ground_plane_fitter_node.cpp:32:44: error: ‘input_topic_’ was not declared in this scope
[47.984s]    32 |         this->get_parameter("input_topic", input_topic_);
[47.984s]       |                                            ^~~~~~~~~~~~
[48.037s] /home/p/ros2_ws/src/cpp_package/src/ground_plane_fitter_node.cpp:33:53: error: ‘refined_ground_topic_’ was not declared in this scope
[48.038s]    33 |         this->get_parameter("refined_ground_topic", refined_ground_topic_);
[48.038s]       |                                                     ^~~~~~~~~~~~~~~~~~~~~
[48.075s] /home/p/ros2_ws/src/cpp_package/src/ground_plane_fitter_node.cpp:34:47: error: ‘obstacle_topic_’ was not declared in this scope
[48.075s]    34 |         this->get_parameter("obstacle_topic", obstacle_topic_);
[48.075s]       |                                               ^~~~~~~~~~~~~~~
[48.112s] /home/p/ros2_ws/src/cpp_package/src/ground_plane_fitter_node.cpp:35:45: error: ‘marker_topic_’ was not declared in this scope
[48.112s]    35 |         this->get_parameter("marker_topic", marker_topic_);
[48.112s]       |                                             ^~~~~~~~~~~~~
[48.185s] /home/p/ros2_ws/src/cpp_package/src/ground_plane_fitter_node.cpp:36:60: error: ‘ground_height_threshold_min_’ was not declared in this scope
[48.185s]    36 |         this->get_parameter("ground_height_threshold_min", ground_height_threshold_min_);
[48.185s]       |                                                            ^~~~~~~~~~~~~~~~~~~~~~~~~~~~
[48.259s] /home/p/ros2_ws/src/cpp_package/src/ground_plane_fitter_node.cpp:37:60: error: ‘ground_height_threshold_max_’ was not declared in this scope
[48.259s]    37 |         this->get_parameter("ground_height_threshold_max", ground_height_threshold_max_);
[48.259s]       |                                                            ^~~~~~~~~~~~~~~~~~~~~~~~~~~~
[48.300s] /home/p/ros2_ws/src/cpp_package/src/ground_plane_fitter_node.cpp:38:48: error: ‘voxel_leaf_size_’ was not declared in this scope
[48.300s]    38 |         this->get_parameter("voxel_leaf_size", voxel_leaf_size_);
[48.300s]       |                                                ^~~~~~~~~~~~~~~~
[48.366s] /home/p/ros2_ws/src/cpp_package/src/ground_plane_fitter_node.cpp:39:58: error: ‘ransac_distance_threshold_’ was not declared in this scope
[48.366s]    39 |         this->get_parameter("ransac_distance_threshold", ransac_distance_threshold_);
[48.366s]       |                                                          ^~~~~~~~~~~~~~~~~~~~~~~~~~
[48.408s] /home/p/ros2_ws/src/cpp_package/src/ground_plane_fitter_node.cpp:40:48: error: ‘smoothing_alpha_’ was not declared in this scope
[48.408s]    40 |         this->get_parameter("smoothing_alpha", smoothing_alpha_);
[48.408s]       |                                                ^~~~~~~~~~~~~~~~
[48.456s] /home/p/ros2_ws/src/cpp_package/src/ground_plane_fitter_node.cpp:51:9: error: ‘marker_publisher_’ was not declared in this scope; did you mean ‘rmw_publisher_t’?
[48.456s]    51 |         marker_publisher_ = this->create_publisher<visualization_msgs::msg::Marker>(marker_topic_, 10);
[48.457s]       |         ^~~~~~~~~~~~~~~~~
[48.457s]       |         rmw_publisher_t
[48.515s] /home/p/ros2_ws/src/cpp_package/src/ground_plane_fitter_node.cpp:53:9: error: ‘accumulated_candidates_’ was not declared in this scope
[48.516s]    53 |         accumulated_candidates_ = pcl::make_shared<pcl::PointCloud<pcl::PointXYZ>>();
[48.516s]       |         ^~~~~~~~~~~~~~~~~~~~~~~
[48.584s] /home/p/ros2_ws/src/cpp_package/src/ground_plane_fitter_node.cpp:54:9: error: ‘previous_coefficients_’ was not declared in this scope
[48.584s]    54 |         previous_coefficients_ = pcl::make_shared<pcl::ModelCoefficients>();
[48.584s]       |         ^~~~~~~~~~~~~~~~~~~~~~
[48.667s] /home/p/ros2_ws/src/cpp_package/src/ground_plane_fitter_node.cpp: In member function ‘void GroundPlaneFitterNode::cloud_callback(sensor_msgs::msg::PointCloud2_<std::allocator<void> >::SharedPtr)’:
[48.667s] /home/p/ros2_ws/src/cpp_package/src/ground_plane_fitter_node.cpp:70:34: error: ‘ground_height_threshold_min_’ was not declared in this scope
[48.667s]    70 |         pass_obs.setFilterLimits(ground_height_threshold_min_, ground_height_threshold_max_);
[48.667s]       |                                  ^~~~~~~~~~~~~~~~~~~~~~~~~~~~
[48.737s] /home/p/ros2_ws/src/cpp_package/src/ground_plane_fitter_node.cpp:70:64: error: ‘ground_height_threshold_max_’ was not declared in this scope
[48.737s]    70 |         pass_obs.setFilterLimits(ground_height_threshold_min_, ground_height_threshold_max_);
[48.737s]       |                                                                ^~~~~~~~~~~~~~~~~~~~~~~~~~~~
[48.792s] /home/p/ros2_ws/src/cpp_package/src/ground_plane_fitter_node.cpp:92:10: error: ‘accumulated_candidates_’ was not declared in this scope
[48.792s]    92 |         *accumulated_candidates_ += *ground_candidates;
[48.792s]       |          ^~~~~~~~~~~~~~~~~~~~~~~
[48.834s] /home/p/ros2_ws/src/cpp_package/src/ground_plane_fitter_node.cpp:95:32: error: ‘voxel_leaf_size_’ was not declared in this scope
[48.834s]    95 |         voxel_grid.setLeafSize(voxel_leaf_size_, voxel_leaf_size_, voxel_leaf_size_);
[48.834s]       |                                ^~~~~~~~~~~~~~~~
[48.911s] /home/p/ros2_ws/src/cpp_package/src/ground_plane_fitter_node.cpp:107:34: error: ‘ransac_distance_threshold_’ was not declared in this scope
[48.911s]   107 |         seg.setDistanceThreshold(ransac_distance_threshold_);
[48.911s]       |                                  ^~~~~~~~~~~~~~~~~~~~~~~~~~
[48.945s] /home/p/ros2_ws/src/cpp_package/src/ground_plane_fitter_node.cpp:118:13: error: ‘first_plane_’ was not declared in this scope
[48.945s]   118 |         if (first_plane_)
[48.945s]       |             ^~~~~~~~~~~~
[49.000s] /home/p/ros2_ws/src/cpp_package/src/ground_plane_fitter_node.cpp:120:14: error: ‘previous_coefficients_’ was not declared in this scope
[49.000s]   120 |             *previous_coefficients_ = *current_coefficients;
[49.000s]       |              ^~~~~~~~~~~~~~~~~~~~~~
[49.055s] /home/p/ros2_ws/src/cpp_package/src/ground_plane_fitter_node.cpp:127:17: error: ‘previous_coefficients_’ was not declared in this scope
[49.055s]   127 |                 previous_coefficients_->values[i] =
[49.055s]       |                 ^~~~~~~~~~~~~~~~~~~~~~
[49.098s] /home/p/ros2_ws/src/cpp_package/src/ground_plane_fitter_node.cpp:128:21: error: ‘smoothing_alpha_’ was not declared in this scope
[49.098s]   128 |                     smoothing_alpha_ * current_coefficients->values[i] +
[49.098s]       |                     ^~~~~~~~~~~~~~~~
[49.156s] /home/p/ros2_ws/src/cpp_package/src/ground_plane_fitter_node.cpp:147:44: error: ‘previous_coefficients_’ was not declared in this scope
[49.156s]   147 |         publish_plane_marker(msg->header, *previous_coefficients_);
[49.157s]       |                                            ^~~~~~~~~~~~~~~~~~~~~~
[49.198s] /home/p/ros2_ws/src/cpp_package/src/ground_plane_fitter_node.cpp: In member function ‘void GroundPlaneFitterNode::publish_plane_marker(const std_msgs::msg::Header&, const pcl::ModelCoefficients&)’:
[49.199s] /home/p/ros2_ws/src/cpp_package/src/ground_plane_fitter_node.cpp:207:9: error: ‘marker_publisher_’ was not declared in this scope; did you mean ‘rmw_publisher_t’?
[49.199s]   207 |         marker_publisher_->publish(marker);
[49.199s]       |         ^~~~~~~~~~~~~~~~~
[49.199s]       |         rmw_publisher_t
[50.962s] gmake[2]: *** [CMakeFiles/ground_plane_fitter_node.dir/build.make:76: CMakeFiles/ground_plane_fitter_node.dir/src/ground_plane_fitter_node.cpp.o] 오류 1
[50.963s] gmake[1]: *** [CMakeFiles/Makefile2:1091: CMakeFiles/ground_plane_fitter_node.dir/all] 오류 2
[50.963s] gmake: *** [Makefile:146: all] 오류 2
[50.967s] Invoked command in '/home/p/ros2_ws/src/build/cpp_package' returned '2': CMAKE_PREFIX_PATH=${CMAKE_PREFIX_PATH}:/home/p/ros2_ws/install/sweep_builder:/home/p/ros2_ws/install/optical_cane_rpi:/home/p/ros2_ws/install/mpu9250:/opt/ros/jazzy DEBUGINFOD_URLS=https://debuginfod.ubuntu.com /usr/bin/cmake --build /home/p/ros2_ws/src/build/cpp_package -- -j4 -l4
