[0.017s] Invoking command in '/home/p/ros2_ws/src/build/cpp_package': CMAKE_PREFIX_PATH=${CMAKE_PREFIX_PATH}:/home/p/ros2_ws/install/optical_cane_rpi:/home/p/ros2_ws/install/mpu9250:/opt/ros/jazzy DEBUGINFOD_URLS=https://debuginfod.ubuntu.com /usr/bin/cmake --build /home/p/ros2_ws/src/build/cpp_package -- -j4 -l4
[0.073s] -- Found ament_cmake: 2.5.4 (/opt/ros/jazzy/share/ament_cmake/cmake)
[0.437s] -- Found rclcpp: 28.1.10 (/opt/ros/jazzy/share/rclcpp/cmake)
[0.477s] -- Found rosidl_generator_c: 4.6.5 (/opt/ros/jazzy/share/rosidl_generator_c/cmake)
[0.490s] -- Found rosidl_generator_cpp: 4.6.5 (/opt/ros/jazzy/share/rosidl_generator_cpp/cmake)
[0.509s] -- Using all available rosidl_typesupport_c: rosidl_typesupport_fastrtps_c;rosidl_typesupport_introspection_c
[0.528s] -- Using all available rosidl_typesupport_cpp: rosidl_typesupport_fastrtps_cpp;rosidl_typesupport_introspection_cpp
[0.611s] -- Found rmw_implementation_cmake: 7.3.2 (/opt/ros/jazzy/share/rmw_implementation_cmake/cmake)
[0.613s] -- Found rmw_fastrtps_cpp: 8.4.2 (/opt/ros/jazzy/share/rmw_fastrtps_cpp/cmake)
[0.713s] -- Using RMW implementation 'rmw_fastrtps_cpp' as default
[0.799s] -- Found sensor_msgs: 5.3.6 (/opt/ros/jazzy/share/sensor_msgs/cmake)
[0.871s] -- Found visualization_msgs: 5.3.6 (/opt/ros/jazzy/share/visualization_msgs/cmake)
[0.907s] -- Found pcl_msgs: 1.0.0 (/opt/ros/jazzy/share/pcl_msgs/cmake)
[0.937s] -- Found tf2_ros: 0.36.12 (/opt/ros/jazzy/share/tf2_ros/cmake)
[1.082s] -- Found pcl_ros: 2.6.2 (/opt/ros/jazzy/share/pcl_ros/cmake)
[1.123s] CMake Warning (dev) at /usr/lib/aarch64-linux-gnu/cmake/pcl/Modules/FindFLANN.cmake:45 (find_package):
[1.123s]   Policy CMP0144 is not set: find_package uses upper-case <PACKAGENAME>_ROOT
[1.123s]   variables.  Run "cmake --help-policy CMP0144" for policy details.  Use the
[1.123s]   cmake_policy command to set the policy and suppress this warning.
[1.123s] 
[1.123s]   CMake variable FLANN_ROOT is set to:
[1.123s] 
[1.123s]     /usr
[1.123s] 
[1.124s]   For compatibility, find_package is ignoring the variable, but code in a
[1.124s]   .cmake module might still use it.
[1.124s] Call Stack (most recent call first):
[1.124s]   /usr/lib/aarch64-linux-gnu/cmake/pcl/PCLConfig.cmake:261 (find_package)
[1.124s]   /usr/lib/aarch64-linux-gnu/cmake/pcl/PCLConfig.cmake:306 (find_flann)
[1.124s]   /usr/lib/aarch64-linux-gnu/cmake/pcl/PCLConfig.cmake:570 (find_external_library)
[1.124s]   /opt/ros/jazzy/share/pcl_conversions/cmake/ament_cmake_export_dependencies-extras.cmake:21 (find_package)
[1.124s]   /opt/ros/jazzy/share/pcl_conversions/cmake/pcl_conversionsConfig.cmake:41 (include)
[1.124s]   /opt/ros/jazzy/share/pcl_ros/cmake/ament_cmake_export_dependencies-extras.cmake:21 (find_package)
[1.124s]   /opt/ros/jazzy/share/pcl_ros/cmake/pcl_rosConfig.cmake:41 (include)
[1.124s]   CMakeLists.txt:21 (find_package)
[1.124s] This warning is for project developers.  Use -Wno-dev to suppress it.
[1.125s] 
[1.125s] -- Found flann version 1.9.2
[1.820s] -- OpenNI found (version: 1.5.4.0, include: /usr/include/ni, lib: /usr/lib/libOpenNI.so;libusb::libusb)
[1.832s] -- OpenNI2 found (version: 2.2.0.33, include: /usr/include/openni2, lib: /usr/lib/aarch64-linux-gnu/libOpenNI2.so;libusb::libusb)
[1.837s] -- Could NOT find Pcap (missing: PCAP_LIBRARIES PCAP_INCLUDE_DIRS) 
[2.568s] -- OpenNI found (version: 1.5.4.0, include: /usr/include/ni, lib: /usr/lib/libOpenNI.so;libusb::libusb)
[2.579s] -- OpenNI2 found (version: 2.2.0.33, include: /usr/include/openni2, lib: /usr/lib/aarch64-linux-gnu/libOpenNI2.so;libusb::libusb)
[3.233s] -- Found Qhull version 8.0.2
[3.959s] -- OpenNI found (version: 1.5.4.0, include: /usr/include/ni, lib: /usr/lib/libOpenNI.so;libusb::libusb)
[4.655s] -- Found eigen3_cmake_module: 0.3.0 (/opt/ros/jazzy/share/eigen3_cmake_module/cmake)
[4.657s] -- Ensuring Eigen3 include directory is part of orocos-kdl CMake target
[4.662s] CMake Warning (dev) at CMakeLists.txt:23 (find_package):
[4.662s]   Policy CMP0074 is not set: find_package uses <PackageName>_ROOT variables.
[4.662s]   Run "cmake --help-policy CMP0074" for policy details.  Use the cmake_policy
[4.662s]   command to set the policy and suppress this warning.
[4.662s] 
[4.662s]   CMake variable PCL_ROOT is set to:
[4.663s] 
[4.663s]     /usr
[4.663s] 
[4.663s]   For compatibility, CMake is ignoring the variable.
[4.663s] This warning is for project developers.  Use -Wno-dev to suppress it.
[4.663s] 
[4.895s] -- Configuring done (4.8s)
[5.078s] -- Generating done (0.1s)
[5.107s] -- Build files have been written to: /home/p/ros2_ws/src/build/cpp_package
[5.250s] [ 12%] Building CXX object CMakeFiles/path_planner_node.dir/src/path_planner_node.cpp.o
[5.256s] [ 37%] Built target user_centric_roi_detector
[5.269s] [ 62%] Built target point_cloud_sweeper_cpp_node
[5.277s] [ 87%] Built target stable_ground_fitter_node
[13.605s] /home/p/ros2_ws/src/cpp_package/src/path_planner_node.cpp: In member function ‘void PathPlannerNode::pointCloudCallback(sensor_msgs::msg::PointCloud2_<std::allocator<void> >::SharedPtr)’:
[13.605s] /home/p/ros2_ws/src/cpp_package/src/path_planner_node.cpp:106:29: error: ‘angles’ has not been declared
[13.605s]   106 |         double angle_diff = angles::shortest_angular_distance(smoothed_angle_, ideal_angle);
[13.606s]       |                             ^~~~~~
[13.606s] /home/p/ros2_ws/src/cpp_package/src/path_planner_node.cpp:111:27: error: ‘angles’ has not been declared
[13.606s]   111 |         smoothed_angle_ = angles::normalize_angle(smoothed_angle_);
[13.606s]       |                           ^~~~~~
[18.474s] gmake[2]: *** [CMakeFiles/path_planner_node.dir/build.make:76: CMakeFiles/path_planner_node.dir/src/path_planner_node.cpp.o] 오류 1
[18.475s] gmake[1]: *** [CMakeFiles/Makefile2:221: CMakeFiles/path_planner_node.dir/all] 오류 2
[18.475s] gmake: *** [Makefile:146: all] 오류 2
[18.479s] Invoked command in '/home/p/ros2_ws/src/build/cpp_package' returned '2': CMAKE_PREFIX_PATH=${CMAKE_PREFIX_PATH}:/home/p/ros2_ws/install/optical_cane_rpi:/home/p/ros2_ws/install/mpu9250:/opt/ros/jazzy DEBUGINFOD_URLS=https://debuginfod.ubuntu.com /usr/bin/cmake --build /home/p/ros2_ws/src/build/cpp_package -- -j4 -l4
