[0.041s] Invoking command in '/home/p/ros2_ws/src/build/spark_fast_lio': CMAKE_PREFIX_PATH=${CMAKE_PREFIX_PATH}:/home/p/ros2_ws/install/my_python_package:/home/p/ros2_ws/install/sweep_builder:/home/p/ros2_ws/install/scan_to_pointcloud:/home/p/ros2_ws/install/mpu9250_py:/home/p/ros2_ws/install/mpu9250:/home/p/ros2_ws/install/mpu6050_py:/home/p/ros2_ws/install/lidar_imu_tf:/home/p/ros2_ws/install/lidar_imu_correction:/home/p/ros2_ws/install/lidar_icp_odometry:/opt/ros/jazzy DEBUGINFOD_URLS=https://debuginfod.ubuntu.com PS1=\[\e]0;\u@\h: \w\a\]${debian_chroot:+($debian_chroot)}\[\033[01;32m\]\u@\h\[\033[00m\]:\[\033[01;34m\]\w\[\033[00m\]\$ /usr/bin/cmake /home/p/ros2_ws/src/spark-fast-lio/spark_fast_lio -DCMAKE_INSTALL_PREFIX=/home/p/ros2_ws/src/install/spark_fast_lio
[0.301s] -- The C compiler identification is GNU 13.3.0
[0.529s] -- The CXX compiler identification is GNU 13.3.0
[0.603s] -- Detecting C compiler ABI info
[0.992s] -- Detecting C compiler ABI info - done
[1.015s] -- Check for working C compiler: /usr/bin/cc - skipped
[1.016s] -- Detecting C compile features
[1.019s] -- Detecting C compile features - done
[1.075s] -- Detecting CXX compiler ABI info
[1.556s] -- Detecting CXX compiler ABI info - done
[1.595s] -- Check for working CXX compiler: /usr/bin/c++ - skipped
[1.596s] -- Detecting CXX compile features
[1.598s] -- Detecting CXX compile features - done
[1.608s] -- Current CPU archtecture: aarch64
[4.825s] -- Found ament_cmake: 2.5.4 (/opt/ros/jazzy/share/ament_cmake/cmake)
[5.724s] -- Found Python3: /home/p/.pyenv/versions/3.10.14/bin/python3 (found version "3.10.14") found components: Interpreter 
[6.490s] -- Found nav_msgs: 5.3.6 (/opt/ros/jazzy/share/nav_msgs/cmake)
[6.713s] -- Found rosidl_generator_c: 4.6.5 (/opt/ros/jazzy/share/rosidl_generator_c/cmake)
[6.818s] -- Found rosidl_generator_cpp: 4.6.5 (/opt/ros/jazzy/share/rosidl_generator_cpp/cmake)
[6.928s] -- Using all available rosidl_typesupport_c: rosidl_typesupport_fastrtps_c;rosidl_typesupport_introspection_c
[7.029s] -- Using all available rosidl_typesupport_cpp: rosidl_typesupport_fastrtps_cpp;rosidl_typesupport_introspection_cpp
[7.377s] -- Found rclcpp: 28.1.9 (/opt/ros/jazzy/share/rclcpp/cmake)
[7.605s] -- Found rmw_implementation_cmake: 7.3.2 (/opt/ros/jazzy/share/rmw_implementation_cmake/cmake)
[7.635s] -- Found rmw_fastrtps_cpp: 8.4.2 (/opt/ros/jazzy/share/rmw_fastrtps_cpp/cmake)
[8.158s] -- Found OpenSSL: /usr/lib/aarch64-linux-gnu/libcrypto.so (found version "3.0.13")  
[8.333s] -- Found FastRTPS: /opt/ros/jazzy/include (Required is at least version "2.13") 
[8.398s] -- Using RMW implementation 'rmw_fastrtps_cpp' as default
[10.394s] -- Found rclcpp_components: 28.1.9 (/opt/ros/jazzy/share/rclcpp_components/cmake)
[10.536s] -- Found sensor_msgs: 5.3.6 (/opt/ros/jazzy/share/sensor_msgs/cmake)
[10.614s] -- Found visualization_msgs: 5.3.6 (/opt/ros/jazzy/share/visualization_msgs/cmake)
[10.707s] -- Found pcl_conversions: 2.6.2 (/opt/ros/jazzy/share/pcl_conversions/cmake)
[11.028s] [33mCMake Warning (dev) at /usr/lib/aarch64-linux-gnu/cmake/pcl/Modules/FindFLANN.cmake:45 (find_package):
[11.028s]   Policy CMP0144 is not set: find_package uses upper-case <PACKAGENAME>_ROOT
[11.028s]   variables.  Run "cmake --help-policy CMP0144" for policy details.  Use the
[11.028s]   cmake_policy command to set the policy and suppress this warning.
[11.029s] 
[11.029s]   CMake variable FLANN_ROOT is set to:
[11.029s] 
[11.029s]     /usr
[11.030s] 
[11.030s]   For compatibility, find_package is ignoring the variable, but code in a
[11.030s]   .cmake module might still use it.
[11.030s] Call Stack (most recent call first):
[11.030s]   /usr/lib/aarch64-linux-gnu/cmake/pcl/PCLConfig.cmake:261 (find_package)
[11.030s]   /usr/lib/aarch64-linux-gnu/cmake/pcl/PCLConfig.cmake:306 (find_flann)
[11.030s]   /usr/lib/aarch64-linux-gnu/cmake/pcl/PCLConfig.cmake:570 (find_external_library)
[11.030s]   /opt/ros/jazzy/share/pcl_conversions/cmake/ament_cmake_export_dependencies-extras.cmake:21 (find_package)
[11.030s]   /opt/ros/jazzy/share/pcl_conversions/cmake/pcl_conversionsConfig.cmake:41 (include)
[11.031s]   CMakeLists.txt:49 (find_package)
[11.031s] This warning is for project developers.  Use -Wno-dev to suppress it.
[11.032s] [0m
[11.034s] -- Found flann version 1.9.2
[11.040s] -- Found OpenMP_CXX: -fopenmp (found version "4.5") 
[11.040s] -- Found OpenMP: TRUE (found version "4.5") found components: CXX 
[17.178s] -- Checking for module 'libusb-1.0'
[17.247s] --   Found libusb-1.0, version 1.0.27
[17.394s] -- Found libusb: /usr/lib/aarch64-linux-gnu/libusb-1.0.so  
[17.402s] -- OpenNI found (version: 1.5.4.0, include: /usr/include/ni, lib: /usr/lib/libOpenNI.so;libusb::libusb)
[17.649s] -- OpenNI2 found (version: 2.2.0.33, include: /usr/include/openni2, lib: /usr/lib/aarch64-linux-gnu/libOpenNI2.so;libusb::libusb)
[17.668s] -- Could NOT find Pcap (missing: PCAP_LIBRARIES PCAP_INCLUDE_DIRS) 
[17.711s] -- Found ZLIB: /usr/lib/aarch64-linux-gnu/libz.so (found version "1.3")  
[17.751s] -- Found PNG: /usr/lib/aarch64-linux-gnu/libpng.so (found version "1.6.43") 
[19.085s] -- OpenNI found (version: 1.5.4.0, include: /usr/include/ni, lib: /usr/lib/libOpenNI.so;libusb::libusb)
[19.110s] -- OpenNI2 found (version: 2.2.0.33, include: /usr/include/openni2, lib: /usr/lib/aarch64-linux-gnu/libOpenNI2.so;libusb::libusb)
[20.481s] -- Found Qhull version 8.0.2
[21.953s] -- OpenNI found (version: 1.5.4.0, include: /usr/include/ni, lib: /usr/lib/libOpenNI.so;libusb::libusb)
[23.382s] -- Found PCL_COMMON: /usr/lib/aarch64-linux-gnu/libpcl_common.so  
[23.385s] -- Found PCL_KDTREE: /usr/lib/aarch64-linux-gnu/libpcl_kdtree.so  
[23.389s] -- Found PCL_OCTREE: /usr/lib/aarch64-linux-gnu/libpcl_octree.so  
[23.394s] -- Found PCL_SEARCH: /usr/lib/aarch64-linux-gnu/libpcl_search.so  
[23.397s] -- Found PCL_SAMPLE_CONSENSUS: /usr/lib/aarch64-linux-gnu/libpcl_sample_consensus.so  
[23.402s] -- Found PCL_FILTERS: /usr/lib/aarch64-linux-gnu/libpcl_filters.so  
[23.408s] -- Found PCL_2D: /usr/include/pcl-1.14  
[23.410s] -- Found PCL_GEOMETRY: /usr/include/pcl-1.14  
[23.411s] -- Found PCL_IO: /usr/lib/aarch64-linux-gnu/libpcl_io.so  
[23.412s] -- Found PCL_FEATURES: /usr/lib/aarch64-linux-gnu/libpcl_features.so  
[23.415s] -- Found PCL_ML: /usr/lib/aarch64-linux-gnu/libpcl_ml.so  
[23.417s] -- Found PCL_SEGMENTATION: /usr/lib/aarch64-linux-gnu/libpcl_segmentation.so  
[23.419s] -- Found PCL_VISUALIZATION: /usr/lib/aarch64-linux-gnu/libpcl_visualization.so  
[23.426s] -- Found PCL_SURFACE: /usr/lib/aarch64-linux-gnu/libpcl_surface.so  
[23.427s] -- Found PCL_REGISTRATION: /usr/lib/aarch64-linux-gnu/libpcl_registration.so  
[23.429s] -- Found PCL_KEYPOINTS: /usr/lib/aarch64-linux-gnu/libpcl_keypoints.so  
[23.432s] -- Found PCL_TRACKING: /usr/lib/aarch64-linux-gnu/libpcl_tracking.so  
[23.437s] -- Found PCL_RECOGNITION: /usr/lib/aarch64-linux-gnu/libpcl_recognition.so  
[23.440s] -- Found PCL_STEREO: /usr/lib/aarch64-linux-gnu/libpcl_stereo.so  
[23.443s] -- Found PCL_APPS: /usr/lib/aarch64-linux-gnu/libpcl_apps.so  
[23.445s] -- Found PCL_IN_HAND_SCANNER: /usr/include/pcl-1.14  
[23.446s] -- Found PCL_MODELER: /usr/include/pcl-1.14  
[23.447s] -- Found PCL_POINT_CLOUD_EDITOR: /usr/include/pcl-1.14  
[23.449s] -- Found PCL_OUTOFCORE: /usr/lib/aarch64-linux-gnu/libpcl_outofcore.so  
[23.454s] -- Found PCL_PEOPLE: /usr/lib/aarch64-linux-gnu/libpcl_people.so  
[23.501s] -- Found tf2_ros: 0.36.11 (/opt/ros/jazzy/share/tf2_ros/cmake)
[23.845s] -- Found tf2_eigen: 0.36.11 (/opt/ros/jazzy/share/tf2_eigen/cmake)
[23.873s] -- Found tf2_geometry_msgs: 0.36.11 (/opt/ros/jazzy/share/tf2_geometry_msgs/cmake)
[23.933s] -- Found eigen3_cmake_module: 0.3.0 (/opt/ros/jazzy/share/eigen3_cmake_module/cmake)
[23.941s] -- Found Eigen3: TRUE (found version "3.4.0") 
[23.941s] -- Ensuring Eigen3 include directory is part of orocos-kdl CMake target
[23.957s] -- Found tf2_sensor_msgs: 0.36.11 (/opt/ros/jazzy/share/tf2_sensor_msgs/cmake)
[23.997s] -- Missing livox driver! AVIA Lidar will be disabled!
[24.522s] -- Configuring done (24.4s)
[24.664s] -- Generating done (0.1s)
[24.695s] -- Build files have been written to: /home/p/ros2_ws/src/build/spark_fast_lio
[24.827s] Invoked command in '/home/p/ros2_ws/src/build/spark_fast_lio' returned '0': CMAKE_PREFIX_PATH=${CMAKE_PREFIX_PATH}:/home/p/ros2_ws/install/my_python_package:/home/p/ros2_ws/install/sweep_builder:/home/p/ros2_ws/install/scan_to_pointcloud:/home/p/ros2_ws/install/mpu9250_py:/home/p/ros2_ws/install/mpu9250:/home/p/ros2_ws/install/mpu6050_py:/home/p/ros2_ws/install/lidar_imu_tf:/home/p/ros2_ws/install/lidar_imu_correction:/home/p/ros2_ws/install/lidar_icp_odometry:/opt/ros/jazzy DEBUGINFOD_URLS=https://debuginfod.ubuntu.com PS1=\[\e]0;\u@\h: \w\a\]${debian_chroot:+($debian_chroot)}\[\033[01;32m\]\u@\h\[\033[00m\]:\[\033[01;34m\]\w\[\033[00m\]\$ /usr/bin/cmake /home/p/ros2_ws/src/spark-fast-lio/spark_fast_lio -DCMAKE_INSTALL_PREFIX=/home/p/ros2_ws/src/install/spark_fast_lio
[24.834s] Invoking command in '/home/p/ros2_ws/src/build/spark_fast_lio': CMAKE_PREFIX_PATH=${CMAKE_PREFIX_PATH}:/home/p/ros2_ws/install/my_python_package:/home/p/ros2_ws/install/sweep_builder:/home/p/ros2_ws/install/scan_to_pointcloud:/home/p/ros2_ws/install/mpu9250_py:/home/p/ros2_ws/install/mpu9250:/home/p/ros2_ws/install/mpu6050_py:/home/p/ros2_ws/install/lidar_imu_tf:/home/p/ros2_ws/install/lidar_imu_correction:/home/p/ros2_ws/install/lidar_icp_odometry:/opt/ros/jazzy DEBUGINFOD_URLS=https://debuginfod.ubuntu.com PS1=\[\e]0;\u@\h: \w\a\]${debian_chroot:+($debian_chroot)}\[\033[01;32m\]\u@\h\[\033[00m\]:\[\033[01;34m\]\w\[\033[00m\]\$ /usr/bin/cmake --build /home/p/ros2_ws/src/build/spark_fast_lio -- -j4 -l4
[25.087s] [ 14%] [32mBuilding CXX object CMakeFiles/ikd_tree.dir/third_party/ikd-Tree/ikd_Tree.cpp.o[0m
[46.686s] [ 28%] [32m[1mLinking CXX static library libikd_tree.a[0m
[47.144s] [ 28%] Built target ikd_tree
[47.232s] [ 42%] [32mBuilding CXX object CMakeFiles/spark_lio_mapping.dir/rclcpp_components/node_main_spark_lio_mapping.cpp.o[0m
[47.240s] [ 57%] [32mBuilding CXX object CMakeFiles/spark_lio_component.dir/src/preprocess.cpp.o[0m
[47.249s] [ 71%] [32mBuilding CXX object CMakeFiles/spark_lio_component.dir/src/spark_fast_lio.cpp.o[0m
[65.402s] [ 85%] [32m[1mLinking CXX executable spark_lio_mapping[0m
[66.005s] [ 85%] Built target spark_lio_mapping
[86.984s] In file included from [01m[K/usr/include/boost/bind/detail/requires_cxx11.hpp:9[m[K,
[86.985s]                  from [01m[K/usr/include/boost/bind/bind.hpp:24[m[K,
[86.985s]                  from [01m[K/usr/include/boost/bind.hpp:29[m[K,
[86.985s]                  from [01m[K/home/p/ros2_ws/src/spark-fast-lio/spark_fast_lio/third_party/IKFoM_toolkit/esekfom/esekfom.hpp:45[m[K,
[86.985s]                  from [01m[K/home/p/ros2_ws/src/spark-fast-lio/spark_fast_lio/include/common/use-ikfom.hpp:4[m[K,
[86.985s]                  from [01m[K/home/p/ros2_ws/src/spark-fast-lio/spark_fast_lio/include/imu_processing.hpp:30[m[K,
[86.985s]                  from [01m[K/home/p/ros2_ws/src/spark-fast-lio/spark_fast_lio/include/spark_fast_lio.h:23[m[K,
[86.985s]                  from [01m[K/home/p/ros2_ws/src/spark-fast-lio/spark_fast_lio/src/spark_fast_lio.cpp:1[m[K:
[86.986s] [01m[K/usr/include/boost/bind.hpp:36:1:[m[K [01;36m[Knote: [m[Kâ€˜[01m[K#pragma message: The practice of declaring the Bind placeholders (_1, _2, ...) in the global namespace is deprecated. Please use <boost/bind/bind.hpp> + using namespace boost::placeholders, or define BOOST_BIND_GLOBAL_PLACEHOLDERS to retain the current behavior.[m[Kâ€™
[86.986s]    36 | [01;36m[KBOOST_PRAGMA_MESSAGE[m[K(
[86.986s]       | [01;36m[K^~~~~~~~~~~~~~~~~~~~[m[K
[107.216s] In file included from [01m[K/home/p/ros2_ws/src/spark-fast-lio/spark_fast_lio/third_party/IKFoM_toolkit/esekfom/../mtk/types/S2.hpp:81[m[K,
[107.216s]                  from [01m[K/home/p/ros2_ws/src/spark-fast-lio/spark_fast_lio/third_party/IKFoM_toolkit/esekfom/esekfom.hpp:49[m[K:
[107.217s] /home/p/ros2_ws/src/spark-fast-lio/spark_fast_lio/third_party/IKFoM_toolkit/esekfom/../mtk/types/../src/mtkmath.hpp: In instantiation of â€˜[01m[Kstd::pair<_FIter, _FIter> MTK::[01;32m[Kcos_sinc_sqrt[m[K(const scalar&) [35m[K[with scalar = double][m[K[m[Kâ€™:
[107.217s] [01m[K/home/p/ros2_ws/src/spark-fast-lio/spark_fast_lio/third_party/IKFoM_toolkit/esekfom/../mtk/types/../src/mtkmath.hpp:253:53:[m[K   required from â€˜[01m[Kscalar MTK::[01;32m[Kexp[m[K(vectview<scalar, dim>, vectview<const scalar, dim>, const scalar&) [35m[K[with scalar = double; int n = 3][m[K[m[Kâ€™
[107.217s] [01m[K/home/p/ros2_ws/src/spark-fast-lio/spark_fast_lio/third_party/IKFoM_toolkit/esekfom/../mtk/types/S2.hpp:135:34:[m[K   required from â€˜[01m[Kvoid MTK::S2<_scalar, den, num, S2_typ>::[01;32m[Kboxplus[m[K(MTK::vectview<const _scalar, 2>, scalar) [35m[K[with _scalar = double; int den = 98090; int num = 10000; int S2_typ = 1; scalar = double][m[K[m[Kâ€™
[107.218s] [01m[K/home/p/ros2_ws/src/spark-fast-lio/spark_fast_lio/include/common/use-ikfom.hpp:12:1:[m[K   required from here
[107.219s] [01m[K/home/p/ros2_ws/src/spark-fast-lio/spark_fast_lio/third_party/IKFoM_toolkit/esekfom/../mtk/types/../src/mtkmath.hpp:149:27:[m[K [01;36m[Knote: [m[Kparameter passing for argument of type â€˜[01m[Kstd::pair<double, double>[m[Kâ€™ when C++17 is enabled changed to match C++14 ]8;;https://gcc.gnu.org/gcc-10/changes.html#empty_basein GCC 10.1]8;;
[107.219s]   149 | std::pair<scalar, scalar> [01;36m[Kcos_sinc_sqrt[m[K(const scalar& x2) {
[107.219s]       |                           [01;36m[K^~~~~~~~~~~~~[m[K
[212.744s] [01m[Kc++:[m[K [01;31m[Kfatal error: [m[KKilled signal terminated program cc1plus
[212.761s] compilation terminated.
[213.074s] gmake[2]: *** [CMakeFiles/spark_lio_component.dir/build.make:76: CMakeFiles/spark_lio_component.dir/src/spark_fast_lio.cpp.o] Error 1
[213.130s] gmake[1]: *** [CMakeFiles/Makefile2:167: CMakeFiles/spark_lio_component.dir/all] Error 2
[213.132s] gmake: *** [Makefile:146: all] Error 2
[214.013s] Invoked command in '/home/p/ros2_ws/src/build/spark_fast_lio' returned '2': CMAKE_PREFIX_PATH=${CMAKE_PREFIX_PATH}:/home/p/ros2_ws/install/my_python_package:/home/p/ros2_ws/install/sweep_builder:/home/p/ros2_ws/install/scan_to_pointcloud:/home/p/ros2_ws/install/mpu9250_py:/home/p/ros2_ws/install/mpu9250:/home/p/ros2_ws/install/mpu6050_py:/home/p/ros2_ws/install/lidar_imu_tf:/home/p/ros2_ws/install/lidar_imu_correction:/home/p/ros2_ws/install/lidar_icp_odometry:/opt/ros/jazzy DEBUGINFOD_URLS=https://debuginfod.ubuntu.com PS1=\[\e]0;\u@\h: \w\a\]${debian_chroot:+($debian_chroot)}\[\033[01;32m\]\u@\h\[\033[00m\]:\[\033[01;34m\]\w\[\033[00m\]\$ /usr/bin/cmake --build /home/p/ros2_ws/src/build/spark_fast_lio -- -j4 -l4
