CMake Warning (dev) at /usr/lib/aarch64-linux-gnu/cmake/pcl/Modules/FindFLANN.cmake:45 (find_package):
  Policy CMP0144 is not set: find_package uses upper-case <PACKAGENAME>_ROOT
  variables.  Run "cmake --help-policy CMP0144" for policy details.  Use the
  cmake_policy command to set the policy and suppress this warning.

  CMake variable FLANN_ROOT is set to:

    /usr

  For compatibility, find_package is ignoring the variable, but code in a
  .cmake module might still use it.
Call Stack (most recent call first):
  /usr/lib/aarch64-linux-gnu/cmake/pcl/PCLConfig.cmake:261 (find_package)
  /usr/lib/aarch64-linux-gnu/cmake/pcl/PCLConfig.cmake:306 (find_flann)
  /usr/lib/aarch64-linux-gnu/cmake/pcl/PCLConfig.cmake:570 (find_external_library)
  /opt/ros/jazzy/share/pcl_conversions/cmake/ament_cmake_export_dependencies-extras.cmake:21 (find_package)
  /opt/ros/jazzy/share/pcl_conversions/cmake/pcl_conversionsConfig.cmake:41 (include)
  /opt/ros/jazzy/share/pcl_ros/cmake/ament_cmake_export_dependencies-extras.cmake:21 (find_package)
  /opt/ros/jazzy/share/pcl_ros/cmake/pcl_rosConfig.cmake:41 (include)
  CMakeLists.txt:21 (find_package)
This warning is for project developers.  Use -Wno-dev to suppress it.

CMake Warning (dev) at CMakeLists.txt:23 (find_package):
  Policy CMP0074 is not set: find_package uses <PackageName>_ROOT variables.
  Run "cmake --help-policy CMP0074" for policy details.  Use the cmake_policy
  command to set the policy and suppress this warning.

  CMake variable PCL_ROOT is set to:

    /usr

  For compatibility, CMake is ignoring the variable.
This warning is for project developers.  Use -Wno-dev to suppress it.

/home/p/ros2_ws/src/cpp_package/src/path_planner_node.cpp: In member function ‘void PathPlannerNode::pointCloudCallback(sensor_msgs::msg::PointCloud2_<std::allocator<void> >::SharedPtr)’:
/home/p/ros2_ws/src/cpp_package/src/path_planner_node.cpp:88:52: error: no matching function for call to ‘min(double&, Eigen::GenericNumTraits<float>::Real)’
   88 |                         min_dist_for_ray = std::min(min_dist_for_ray, point_vec.norm());
      |                                            ~~~~~~~~^~~~~~~~~~~~~~~~~~~~~~~~~~~~~~~~~~~~
In file included from /usr/include/c++/13/bits/stl_uninitialized.h:63,
                 from /usr/include/c++/13/memory:69,
                 from /opt/ros/jazzy/include/rclcpp/rclcpp/rclcpp.hpp:169,
                 from /home/p/ros2_ws/src/cpp_package/src/path_planner_node.cpp:1:
/usr/include/c++/13/bits/stl_algobase.h:233:5: note: candidate: ‘template<class _Tp> constexpr const _Tp& std::min(const _Tp&, const _Tp&)’
  233 |     min(const _Tp& __a, const _Tp& __b)
      |     ^~~
/usr/include/c++/13/bits/stl_algobase.h:233:5: note:   template argument deduction/substitution failed:
/home/p/ros2_ws/src/cpp_package/src/path_planner_node.cpp:88:52: note:   deduced conflicting types for parameter ‘const _Tp’ (‘double’ and ‘Eigen::GenericNumTraits<float>::Real’ {aka ‘float’})
   88 |                         min_dist_for_ray = std::min(min_dist_for_ray, point_vec.norm());
      |                                            ~~~~~~~~^~~~~~~~~~~~~~~~~~~~~~~~~~~~~~~~~~~~
/usr/include/c++/13/bits/stl_algobase.h:281:5: note: candidate: ‘template<class _Tp, class _Compare> constexpr const _Tp& std::min(const _Tp&, const _Tp&, _Compare)’
  281 |     min(const _Tp& __a, const _Tp& __b, _Compare __comp)
      |     ^~~
/usr/include/c++/13/bits/stl_algobase.h:281:5: note:   template argument deduction/substitution failed:
/home/p/ros2_ws/src/cpp_package/src/path_planner_node.cpp:88:52: note:   deduced conflicting types for parameter ‘const _Tp’ (‘double’ and ‘Eigen::GenericNumTraits<float>::Real’ {aka ‘float’})
   88 |                         min_dist_for_ray = std::min(min_dist_for_ray, point_vec.norm());
      |                                            ~~~~~~~~^~~~~~~~~~~~~~~~~~~~~~~~~~~~~~~~~~~~
In file included from /usr/include/c++/13/algorithm:61,
                 from /opt/ros/jazzy/include/rcl_interfaces/rcl_interfaces/srv/detail/list_parameters__struct.hpp:11,
                 from /opt/ros/jazzy/include/rcl_interfaces/rcl_interfaces/srv/list_parameters.hpp:7,
                 from /opt/ros/jazzy/include/rclcpp/rclcpp/copy_all_parameter_values.hpp:21,
                 from /opt/ros/jazzy/include/rclcpp/rclcpp/rclcpp.hpp:171:
/usr/include/c++/13/bits/stl_algo.h:5775:5: note: candidate: ‘template<class _Tp> constexpr _Tp std::min(initializer_list<_Tp>)’
 5775 |     min(initializer_list<_Tp> __l)
      |     ^~~
/usr/include/c++/13/bits/stl_algo.h:5775:5: note:   template argument deduction/substitution failed:
/home/p/ros2_ws/src/cpp_package/src/path_planner_node.cpp:88:52: note:   mismatched types ‘std::initializer_list<_Tp>’ and ‘double’
   88 |                         min_dist_for_ray = std::min(min_dist_for_ray, point_vec.norm());
      |                                            ~~~~~~~~^~~~~~~~~~~~~~~~~~~~~~~~~~~~~~~~~~~~
/usr/include/c++/13/bits/stl_algo.h:5785:5: note: candidate: ‘template<class _Tp, class _Compare> constexpr _Tp std::min(initializer_list<_Tp>, _Compare)’
 5785 |     min(initializer_list<_Tp> __l, _Compare __comp)
      |     ^~~
/usr/include/c++/13/bits/stl_algo.h:5785:5: note:   template argument deduction/substitution failed:
/home/p/ros2_ws/src/cpp_package/src/path_planner_node.cpp:88:52: note:   mismatched types ‘std::initializer_list<_Tp>’ and ‘double’
   88 |                         min_dist_for_ray = std::min(min_dist_for_ray, point_vec.norm());
      |                                            ~~~~~~~~^~~~~~~~~~~~~~~~~~~~~~~~~~~~~~~~~~~~
gmake[2]: *** [CMakeFiles/path_planner_node.dir/build.make:76: CMakeFiles/path_planner_node.dir/src/path_planner_node.cpp.o] 오류 1
gmake[1]: *** [CMakeFiles/Makefile2:221: CMakeFiles/path_planner_node.dir/all] 오류 2
gmake[1]: *** 끝나지 않은 작업을 기다리고 있습니다....
gmake: *** [Makefile:146: all] 오류 2
