-- Found ament_cmake: 2.5.4 (/opt/ros/jazzy/share/ament_cmake/cmake)
-- Found rclcpp: 28.1.10 (/opt/ros/jazzy/share/rclcpp/cmake)
-- Found rosidl_generator_c: 4.6.5 (/opt/ros/jazzy/share/rosidl_generator_c/cmake)
-- Found rosidl_generator_cpp: 4.6.5 (/opt/ros/jazzy/share/rosidl_generator_cpp/cmake)
-- Using all available rosidl_typesupport_c: rosidl_typesupport_fastrtps_c;rosidl_typesupport_introspection_c
-- Using all available rosidl_typesupport_cpp: rosidl_typesupport_fastrtps_cpp;rosidl_typesupport_introspection_cpp
-- Found rmw_implementation_cmake: 7.3.2 (/opt/ros/jazzy/share/rmw_implementation_cmake/cmake)
-- Found rmw_fastrtps_cpp: 8.4.2 (/opt/ros/jazzy/share/rmw_fastrtps_cpp/cmake)
-- Using RMW implementation 'rmw_fastrtps_cpp' as default
-- Found sensor_msgs: 5.3.6 (/opt/ros/jazzy/share/sensor_msgs/cmake)
-- Found visualization_msgs: 5.3.6 (/opt/ros/jazzy/share/visualization_msgs/cmake)
-- Found pcl_msgs: 1.0.0 (/opt/ros/jazzy/share/pcl_msgs/cmake)
-- Found tf2_ros: 0.36.12 (/opt/ros/jazzy/share/tf2_ros/cmake)
-- Found pcl_ros: 2.6.2 (/opt/ros/jazzy/share/pcl_ros/cmake)
CMake Warning (dev) at /usr/lib/aarch64-linux-gnu/cmake/pcl/Modules/FindFLANN.cmake:45 (find_package):
  Policy CMP0144 is not set: find_package uses upper-case <PACKAGENAME>_ROOT
  variables.  Run "cmake --help-policy CMP0144" for policy details.  Use the
  cmake_policy command to set the policy and suppress this warning.

  CMake variable FLANN_ROOT is set to:

    /usr

  For compatibility, find_package is ignoring the variable, but code in a
  .cmake module might still use it.
Call Stack (most recent call first):
  /usr/lib/aarch64-linux-gnu/cmake/pcl/PCLConfig.cmake:261 (find_package)
  /usr/lib/aarch64-linux-gnu/cmake/pcl/PCLConfig.cmake:306 (find_flann)
  /usr/lib/aarch64-linux-gnu/cmake/pcl/PCLConfig.cmake:570 (find_external_library)
  /opt/ros/jazzy/share/pcl_conversions/cmake/ament_cmake_export_dependencies-extras.cmake:21 (find_package)
  /opt/ros/jazzy/share/pcl_conversions/cmake/pcl_conversionsConfig.cmake:41 (include)
  /opt/ros/jazzy/share/pcl_ros/cmake/ament_cmake_export_dependencies-extras.cmake:21 (find_package)
  /opt/ros/jazzy/share/pcl_ros/cmake/pcl_rosConfig.cmake:41 (include)
  CMakeLists.txt:21 (find_package)
This warning is for project developers.  Use -Wno-dev to suppress it.

-- Found flann version 1.9.2
-- OpenNI found (version: 1.5.4.0, include: /usr/include/ni, lib: /usr/lib/libOpenNI.so;libusb::libusb)
-- OpenNI2 found (version: 2.2.0.33, include: /usr/include/openni2, lib: /usr/lib/aarch64-linux-gnu/libOpenNI2.so;libusb::libusb)
-- Could NOT find Pcap (missing: PCAP_LIBRARIES PCAP_INCLUDE_DIRS) 
-- OpenNI found (version: 1.5.4.0, include: /usr/include/ni, lib: /usr/lib/libOpenNI.so;libusb::libusb)
-- OpenNI2 found (version: 2.2.0.33, include: /usr/include/openni2, lib: /usr/lib/aarch64-linux-gnu/libOpenNI2.so;libusb::libusb)
-- Found Qhull version 8.0.2
-- OpenNI found (version: 1.5.4.0, include: /usr/include/ni, lib: /usr/lib/libOpenNI.so;libusb::libusb)
-- Found eigen3_cmake_module: 0.3.0 (/opt/ros/jazzy/share/eigen3_cmake_module/cmake)
-- Ensuring Eigen3 include directory is part of orocos-kdl CMake target
CMake Warning (dev) at CMakeLists.txt:23 (find_package):
  Policy CMP0074 is not set: find_package uses <PackageName>_ROOT variables.
  Run "cmake --help-policy CMP0074" for policy details.  Use the cmake_policy
  command to set the policy and suppress this warning.

  CMake variable PCL_ROOT is set to:

    /usr

  For compatibility, CMake is ignoring the variable.
This warning is for project developers.  Use -Wno-dev to suppress it.

-- Configuring done (17.7s)
-- Generating done (1.0s)
-- Build files have been written to: /home/p/ros2_ws/src/build/cpp_package
[ 12%] Building CXX object CMakeFiles/path_planner_node.dir/src/path_planner_node.cpp.o
[ 37%] Building CXX object CMakeFiles/point_cloud_sweeper_cpp_node.dir/src/point_cloud_sweeper_cpp_node.cpp.o
[ 37%] Building CXX object CMakeFiles/user_centric_roi_detector.dir/src/user_centric_roi_detector.cpp.o
[ 50%] Building CXX object CMakeFiles/stable_ground_fitter_node.dir/src/stable_ground_fitter_node.cpp.o
/home/p/ros2_ws/src/cpp_package/src/path_planner_node.cpp: In member function ‘void PathPlannerNode::pointCloudCallback(sensor_msgs::msg::PointCloud2_<std::allocator<void> >::SharedPtr)’:
/home/p/ros2_ws/src/cpp_package/src/path_planner_node.cpp:88:52: error: no matching function for call to ‘min(double&, Eigen::GenericNumTraits<float>::Real)’
   88 |                         min_dist_for_ray = std::min(min_dist_for_ray, point_vec.norm());
      |                                            ~~~~~~~~^~~~~~~~~~~~~~~~~~~~~~~~~~~~~~~~~~~~
In file included from /usr/include/c++/13/bits/stl_uninitialized.h:63,
                 from /usr/include/c++/13/memory:69,
                 from /opt/ros/jazzy/include/rclcpp/rclcpp/rclcpp.hpp:169,
                 from /home/p/ros2_ws/src/cpp_package/src/path_planner_node.cpp:1:
/usr/include/c++/13/bits/stl_algobase.h:233:5: note: candidate: ‘template<class _Tp> constexpr const _Tp& std::min(const _Tp&, const _Tp&)’
  233 |     min(const _Tp& __a, const _Tp& __b)
      |     ^~~
/usr/include/c++/13/bits/stl_algobase.h:233:5: note:   template argument deduction/substitution failed:
/home/p/ros2_ws/src/cpp_package/src/path_planner_node.cpp:88:52: note:   deduced conflicting types for parameter ‘const _Tp’ (‘double’ and ‘Eigen::GenericNumTraits<float>::Real’ {aka ‘float’})
   88 |                         min_dist_for_ray = std::min(min_dist_for_ray, point_vec.norm());
      |                                            ~~~~~~~~^~~~~~~~~~~~~~~~~~~~~~~~~~~~~~~~~~~~
/usr/include/c++/13/bits/stl_algobase.h:281:5: note: candidate: ‘template<class _Tp, class _Compare> constexpr const _Tp& std::min(const _Tp&, const _Tp&, _Compare)’
  281 |     min(const _Tp& __a, const _Tp& __b, _Compare __comp)
      |     ^~~
/usr/include/c++/13/bits/stl_algobase.h:281:5: note:   template argument deduction/substitution failed:
/home/p/ros2_ws/src/cpp_package/src/path_planner_node.cpp:88:52: note:   deduced conflicting types for parameter ‘const _Tp’ (‘double’ and ‘Eigen::GenericNumTraits<float>::Real’ {aka ‘float’})
   88 |                         min_dist_for_ray = std::min(min_dist_for_ray, point_vec.norm());
      |                                            ~~~~~~~~^~~~~~~~~~~~~~~~~~~~~~~~~~~~~~~~~~~~
In file included from /usr/include/c++/13/algorithm:61,
                 from /opt/ros/jazzy/include/rcl_interfaces/rcl_interfaces/srv/detail/list_parameters__struct.hpp:11,
                 from /opt/ros/jazzy/include/rcl_interfaces/rcl_interfaces/srv/list_parameters.hpp:7,
                 from /opt/ros/jazzy/include/rclcpp/rclcpp/copy_all_parameter_values.hpp:21,
                 from /opt/ros/jazzy/include/rclcpp/rclcpp/rclcpp.hpp:171:
/usr/include/c++/13/bits/stl_algo.h:5775:5: note: candidate: ‘template<class _Tp> constexpr _Tp std::min(initializer_list<_Tp>)’
 5775 |     min(initializer_list<_Tp> __l)
      |     ^~~
/usr/include/c++/13/bits/stl_algo.h:5775:5: note:   template argument deduction/substitution failed:
/home/p/ros2_ws/src/cpp_package/src/path_planner_node.cpp:88:52: note:   mismatched types ‘std::initializer_list<_Tp>’ and ‘double’
   88 |                         min_dist_for_ray = std::min(min_dist_for_ray, point_vec.norm());
      |                                            ~~~~~~~~^~~~~~~~~~~~~~~~~~~~~~~~~~~~~~~~~~~~
/usr/include/c++/13/bits/stl_algo.h:5785:5: note: candidate: ‘template<class _Tp, class _Compare> constexpr _Tp std::min(initializer_list<_Tp>, _Compare)’
 5785 |     min(initializer_list<_Tp> __l, _Compare __comp)
      |     ^~~
/usr/include/c++/13/bits/stl_algo.h:5785:5: note:   template argument deduction/substitution failed:
/home/p/ros2_ws/src/cpp_package/src/path_planner_node.cpp:88:52: note:   mismatched types ‘std::initializer_list<_Tp>’ and ‘double’
   88 |                         min_dist_for_ray = std::min(min_dist_for_ray, point_vec.norm());
      |                                            ~~~~~~~~^~~~~~~~~~~~~~~~~~~~~~~~~~~~~~~~~~~~
gmake[2]: *** [CMakeFiles/path_planner_node.dir/build.make:76: CMakeFiles/path_planner_node.dir/src/path_planner_node.cpp.o] 오류 1
gmake[1]: *** [CMakeFiles/Makefile2:221: CMakeFiles/path_planner_node.dir/all] 오류 2
gmake[1]: *** 끝나지 않은 작업을 기다리고 있습니다....
[ 62%] Linking CXX executable point_cloud_sweeper_cpp_node
[ 75%] Linking CXX executable stable_ground_fitter_node
[ 87%] Linking CXX executable user_centric_roi_detector
[ 87%] Built target point_cloud_sweeper_cpp_node
[ 87%] Built target user_centric_roi_detector
[ 87%] Built target stable_ground_fitter_node
gmake: *** [Makefile:146: all] 오류 2
