[0.176s] Invoking command in '/home/p/ros2_ws/src/build/cpp_package': CMAKE_PREFIX_PATH=${CMAKE_PREFIX_PATH}:/home/p/ros2_ws/install/optical_cane_rpi:/home/p/ros2_ws/install/mpu9250:/opt/ros/jazzy DEBUGINFOD_URLS=https://debuginfod.ubuntu.com /usr/bin/cmake --build /home/p/ros2_ws/src/build/cpp_package -- -j4 -l4
[0.646s] -- Found ament_cmake: 2.5.4 (/opt/ros/jazzy/share/ament_cmake/cmake)
[1.357s] -- Found rclcpp: 28.1.10 (/opt/ros/jazzy/share/rclcpp/cmake)
[2.058s] -- Found rosidl_generator_c: 4.6.5 (/opt/ros/jazzy/share/rosidl_generator_c/cmake)
[2.351s] -- Found rosidl_generator_cpp: 4.6.5 (/opt/ros/jazzy/share/rosidl_generator_cpp/cmake)
[2.775s] -- Using all available rosidl_typesupport_c: rosidl_typesupport_fastrtps_c;rosidl_typesupport_introspection_c
[3.301s] -- Using all available rosidl_typesupport_cpp: rosidl_typesupport_fastrtps_cpp;rosidl_typesupport_introspection_cpp
[4.626s] -- Found rmw_implementation_cmake: 7.3.2 (/opt/ros/jazzy/share/rmw_implementation_cmake/cmake)
[4.677s] -- Found rmw_fastrtps_cpp: 8.4.2 (/opt/ros/jazzy/share/rmw_fastrtps_cpp/cmake)
[5.592s] -- Using RMW implementation 'rmw_fastrtps_cpp' as default
[6.579s] -- Found sensor_msgs: 5.3.6 (/opt/ros/jazzy/share/sensor_msgs/cmake)
[7.197s] -- Found visualization_msgs: 5.3.6 (/opt/ros/jazzy/share/visualization_msgs/cmake)
[7.457s] -- Found pcl_msgs: 1.0.0 (/opt/ros/jazzy/share/pcl_msgs/cmake)
[7.616s] -- Found tf2_ros: 0.36.12 (/opt/ros/jazzy/share/tf2_ros/cmake)
[9.120s] -- Found pcl_ros: 2.6.2 (/opt/ros/jazzy/share/pcl_ros/cmake)
[9.739s] CMake Warning (dev) at /usr/lib/aarch64-linux-gnu/cmake/pcl/Modules/FindFLANN.cmake:45 (find_package):
[9.739s]   Policy CMP0144 is not set: find_package uses upper-case <PACKAGENAME>_ROOT
[9.739s]   variables.  Run "cmake --help-policy CMP0144" for policy details.  Use the
[9.739s]   cmake_policy command to set the policy and suppress this warning.
[9.740s] 
[9.740s]   CMake variable FLANN_ROOT is set to:
[9.740s] 
[9.740s]     /usr
[9.740s] 
[9.740s]   For compatibility, find_package is ignoring the variable, but code in a
[9.740s]   .cmake module might still use it.
[9.741s] Call Stack (most recent call first):
[9.741s]   /usr/lib/aarch64-linux-gnu/cmake/pcl/PCLConfig.cmake:261 (find_package)
[9.741s]   /usr/lib/aarch64-linux-gnu/cmake/pcl/PCLConfig.cmake:306 (find_flann)
[9.741s]   /usr/lib/aarch64-linux-gnu/cmake/pcl/PCLConfig.cmake:570 (find_external_library)
[9.741s]   /opt/ros/jazzy/share/pcl_conversions/cmake/ament_cmake_export_dependencies-extras.cmake:21 (find_package)
[9.741s]   /opt/ros/jazzy/share/pcl_conversions/cmake/pcl_conversionsConfig.cmake:41 (include)
[9.741s]   /opt/ros/jazzy/share/pcl_ros/cmake/ament_cmake_export_dependencies-extras.cmake:21 (find_package)
[9.741s]   /opt/ros/jazzy/share/pcl_ros/cmake/pcl_rosConfig.cmake:41 (include)
[9.742s]   CMakeLists.txt:21 (find_package)
[9.742s] This warning is for project developers.  Use -Wno-dev to suppress it.
[9.742s] 
[9.786s] -- Found flann version 1.9.2
[14.559s] -- OpenNI found (version: 1.5.4.0, include: /usr/include/ni, lib: /usr/lib/libOpenNI.so;libusb::libusb)
[14.651s] -- OpenNI2 found (version: 2.2.0.33, include: /usr/include/openni2, lib: /usr/lib/aarch64-linux-gnu/libOpenNI2.so;libusb::libusb)
[14.704s] -- Could NOT find Pcap (missing: PCAP_LIBRARIES PCAP_INCLUDE_DIRS) 
[15.434s] -- OpenNI found (version: 1.5.4.0, include: /usr/include/ni, lib: /usr/lib/libOpenNI.so;libusb::libusb)
[15.446s] -- OpenNI2 found (version: 2.2.0.33, include: /usr/include/openni2, lib: /usr/lib/aarch64-linux-gnu/libOpenNI2.so;libusb::libusb)
[16.184s] -- Found Qhull version 8.0.2
[16.929s] -- OpenNI found (version: 1.5.4.0, include: /usr/include/ni, lib: /usr/lib/libOpenNI.so;libusb::libusb)
[17.910s] -- Found eigen3_cmake_module: 0.3.0 (/opt/ros/jazzy/share/eigen3_cmake_module/cmake)
[17.944s] -- Ensuring Eigen3 include directory is part of orocos-kdl CMake target
[17.951s] CMake Warning (dev) at CMakeLists.txt:23 (find_package):
[17.951s]   Policy CMP0074 is not set: find_package uses <PackageName>_ROOT variables.
[17.951s]   Run "cmake --help-policy CMP0074" for policy details.  Use the cmake_policy
[17.952s]   command to set the policy and suppress this warning.
[17.952s] 
[17.952s]   CMake variable PCL_ROOT is set to:
[17.952s] 
[17.952s]     /usr
[17.952s] 
[17.952s]   For compatibility, CMake is ignoring the variable.
[17.953s] This warning is for project developers.  Use -Wno-dev to suppress it.
[17.953s] 
[18.269s] -- Configuring done (17.7s)
[19.350s] -- Generating done (1.0s)
[19.425s] -- Build files have been written to: /home/p/ros2_ws/src/build/cpp_package
[19.537s] [ 12%] Building CXX object CMakeFiles/path_planner_node.dir/src/path_planner_node.cpp.o
[20.026s] [ 37%] Building CXX object CMakeFiles/point_cloud_sweeper_cpp_node.dir/src/point_cloud_sweeper_cpp_node.cpp.o
[20.026s] [ 37%] Building CXX object CMakeFiles/user_centric_roi_detector.dir/src/user_centric_roi_detector.cpp.o
[20.076s] [ 50%] Building CXX object CMakeFiles/stable_ground_fitter_node.dir/src/stable_ground_fitter_node.cpp.o
[37.762s] /home/p/ros2_ws/src/cpp_package/src/path_planner_node.cpp: In member function ‘void PathPlannerNode::pointCloudCallback(sensor_msgs::msg::PointCloud2_<std::allocator<void> >::SharedPtr)’:
[37.763s] /home/p/ros2_ws/src/cpp_package/src/path_planner_node.cpp:88:52: error: no matching function for call to ‘min(double&, Eigen::GenericNumTraits<float>::Real)’
[37.764s]    88 |                         min_dist_for_ray = std::min(min_dist_for_ray, point_vec.norm());
[37.765s]       |                                            ~~~~~~~~^~~~~~~~~~~~~~~~~~~~~~~~~~~~~~~~~~~~
[37.766s] In file included from /usr/include/c++/13/bits/stl_uninitialized.h:63,
[37.769s]                  from /usr/include/c++/13/memory:69,
[37.770s]                  from /opt/ros/jazzy/include/rclcpp/rclcpp/rclcpp.hpp:169,
[37.771s]                  from /home/p/ros2_ws/src/cpp_package/src/path_planner_node.cpp:1:
[37.772s] /usr/include/c++/13/bits/stl_algobase.h:233:5: note: candidate: ‘template<class _Tp> constexpr const _Tp& std::min(const _Tp&, const _Tp&)’
[37.773s]   233 |     min(const _Tp& __a, const _Tp& __b)
[37.777s]       |     ^~~
[37.778s] /usr/include/c++/13/bits/stl_algobase.h:233:5: note:   template argument deduction/substitution failed:
[37.779s] /home/p/ros2_ws/src/cpp_package/src/path_planner_node.cpp:88:52: note:   deduced conflicting types for parameter ‘const _Tp’ (‘double’ and ‘Eigen::GenericNumTraits<float>::Real’ {aka ‘float’})
[37.783s]    88 |                         min_dist_for_ray = std::min(min_dist_for_ray, point_vec.norm());
[37.787s]       |                                            ~~~~~~~~^~~~~~~~~~~~~~~~~~~~~~~~~~~~~~~~~~~~
[37.788s] /usr/include/c++/13/bits/stl_algobase.h:281:5: note: candidate: ‘template<class _Tp, class _Compare> constexpr const _Tp& std::min(const _Tp&, const _Tp&, _Compare)’
[37.789s]   281 |     min(const _Tp& __a, const _Tp& __b, _Compare __comp)
[37.791s]       |     ^~~
[37.792s] /usr/include/c++/13/bits/stl_algobase.h:281:5: note:   template argument deduction/substitution failed:
[37.792s] /home/p/ros2_ws/src/cpp_package/src/path_planner_node.cpp:88:52: note:   deduced conflicting types for parameter ‘const _Tp’ (‘double’ and ‘Eigen::GenericNumTraits<float>::Real’ {aka ‘float’})
[37.792s]    88 |                         min_dist_for_ray = std::min(min_dist_for_ray, point_vec.norm());
[37.792s]       |                                            ~~~~~~~~^~~~~~~~~~~~~~~~~~~~~~~~~~~~~~~~~~~~
[37.793s] In file included from /usr/include/c++/13/algorithm:61,
[37.793s]                  from /opt/ros/jazzy/include/rcl_interfaces/rcl_interfaces/srv/detail/list_parameters__struct.hpp:11,
[37.793s]                  from /opt/ros/jazzy/include/rcl_interfaces/rcl_interfaces/srv/list_parameters.hpp:7,
[37.793s]                  from /opt/ros/jazzy/include/rclcpp/rclcpp/copy_all_parameter_values.hpp:21,
[37.793s]                  from /opt/ros/jazzy/include/rclcpp/rclcpp/rclcpp.hpp:171:
[37.793s] /usr/include/c++/13/bits/stl_algo.h:5775:5: note: candidate: ‘template<class _Tp> constexpr _Tp std::min(initializer_list<_Tp>)’
[37.794s]  5775 |     min(initializer_list<_Tp> __l)
[37.800s]       |     ^~~
[37.801s] /usr/include/c++/13/bits/stl_algo.h:5775:5: note:   template argument deduction/substitution failed:
[37.805s] /home/p/ros2_ws/src/cpp_package/src/path_planner_node.cpp:88:52: note:   mismatched types ‘std::initializer_list<_Tp>’ and ‘double’
[37.806s]    88 |                         min_dist_for_ray = std::min(min_dist_for_ray, point_vec.norm());
[37.807s]       |                                            ~~~~~~~~^~~~~~~~~~~~~~~~~~~~~~~~~~~~~~~~~~~~
[37.808s] /usr/include/c++/13/bits/stl_algo.h:5785:5: note: candidate: ‘template<class _Tp, class _Compare> constexpr _Tp std::min(initializer_list<_Tp>, _Compare)’
[37.810s]  5785 |     min(initializer_list<_Tp> __l, _Compare __comp)
[37.810s]       |     ^~~
[37.810s] /usr/include/c++/13/bits/stl_algo.h:5785:5: note:   template argument deduction/substitution failed:
[37.810s] /home/p/ros2_ws/src/cpp_package/src/path_planner_node.cpp:88:52: note:   mismatched types ‘std::initializer_list<_Tp>’ and ‘double’
[37.810s]    88 |                         min_dist_for_ray = std::min(min_dist_for_ray, point_vec.norm());
[37.811s]       |                                            ~~~~~~~~^~~~~~~~~~~~~~~~~~~~~~~~~~~~~~~~~~~~
[44.770s] gmake[2]: *** [CMakeFiles/path_planner_node.dir/build.make:76: CMakeFiles/path_planner_node.dir/src/path_planner_node.cpp.o] 오류 1
[44.772s] gmake[1]: *** [CMakeFiles/Makefile2:221: CMakeFiles/path_planner_node.dir/all] 오류 2
[44.772s] gmake[1]: *** 끝나지 않은 작업을 기다리고 있습니다....
[51.015s] [ 62%] Linking CXX executable point_cloud_sweeper_cpp_node
[55.766s] [ 75%] Linking CXX executable stable_ground_fitter_node
[55.919s] [ 87%] Linking CXX executable user_centric_roi_detector
[57.214s] [ 87%] Built target point_cloud_sweeper_cpp_node
[59.729s] [ 87%] Built target user_centric_roi_detector
[61.256s] [ 87%] Built target stable_ground_fitter_node
[61.258s] gmake: *** [Makefile:146: all] 오류 2
[61.263s] Invoked command in '/home/p/ros2_ws/src/build/cpp_package' returned '2': CMAKE_PREFIX_PATH=${CMAKE_PREFIX_PATH}:/home/p/ros2_ws/install/optical_cane_rpi:/home/p/ros2_ws/install/mpu9250:/opt/ros/jazzy DEBUGINFOD_URLS=https://debuginfod.ubuntu.com /usr/bin/cmake --build /home/p/ros2_ws/src/build/cpp_package -- -j4 -l4
